#
# There is insufficient memory for the Java Runtime Environment to continue.
# Native memory allocation (malloc) failed to allocate 1110752 bytes. Error detail: Chunk::new
# Possible reasons:
#   The system is out of physical RAM or swap space
#   This process is running with CompressedOops enabled, and the Java Heap may be blocking the growth of the native heap
# Possible solutions:
#   Reduce memory load on the system
#   Increase physical memory or swap space
#   Check if swap backing store is full
#   Decrease Java heap size (-Xmx/-Xms)
#   Decrease number of Java threads
#   Decrease Java thread stack sizes (-Xss)
#   Set larger code cache with -XX:ReservedCodeCacheSize=
#   JVM is running with Unscaled Compressed Oops mode in which the Java heap is
#     placed in the first 4GB address space. The Java Heap base address is the
#     maximum limit for the native heap growth. Please use -XX:HeapBaseMinAddress
#     to set the Java Heap base and to place the Java Heap above 4GB virtual address.
# This output file may be truncated or incomplete.
#
#  Out of Memory Error (arena.cpp:168), pid=11492, tid=35744
#
# JRE version: OpenJDK Runtime Environment Temurin-21.0.11+10 (21.0.11+10) (build 21.0.11+10-LTS)
# Java VM: OpenJDK 64-Bit Server VM Temurin-21.0.11+10 (21.0.11+10-LTS, mixed mode, sharing, tiered, compressed oops, compressed class ptrs, parallel gc, windows-amd64)
# No core dump will be written. Minidumps are not enabled by default on client versions of Windows
#

---------------  S U M M A R Y ------------

Command Line: --add-modules=ALL-SYSTEM --add-opens=java.base/java.util=ALL-UNNAMED --add-opens=java.base/java.lang=ALL-UNNAMED --add-opens=java.base/sun.nio.fs=ALL-UNNAMED -Declipse.application=org.eclipse.jdt.ls.core.id1 -Dosgi.bundles.defaultStartLevel=4 -Declipse.product=org.eclipse.jdt.ls.core.product -Djava.import.generatesMetadataFilesAtProjectRoot=false -DDetectVMInstallationsJob.disabled=true -Dfile.encoding=utf8 -XX:+UseParallelGC -XX:GCTimeRatio=4 -XX:AdaptiveSizePolicyWeight=90 -Dsun.zip.disableMemoryMapping=true -Xmx2G -Xms100m -Xlog:disable -javaagent:c:\Users\ASUS\.vscode\extensions\redhat.java-1.55.0-win32-x64\lombok\lombok-1.18.39-4050.jar -XX:+HeapDumpOnOutOfMemoryError -XX:HeapDumpPath=c:\Users\ASUS\AppData\Roaming\Code\User\workspaceStorage\2782a20f961c1a269689afb6e762247a\redhat.java -Daether.dependencyCollector.impl=bf c:\Users\ASUS\.vscode\extensions\redhat.java-1.55.0-win32-x64\server\plugins\org.eclipse.equinox.launcher_1.7.200.v20260619-2039.jar -configuration c:\Users\ASUS\AppData\Roaming\Code\User\globalStorage\redhat.java\1.55.0\config_win -data c:\Users\ASUS\AppData\Roaming\Code\User\workspaceStorage\2782a20f961c1a269689afb6e762247a\redhat.java\jdt_ws --pipe=\\.\pipe\lsp-4a1ec644c716697906968e735ffe22d4-sock

Host: AMD Ryzen 7 7435HS                             , 16 cores, 7G,  Windows 11 , 64 bit Build 26100 (10.0.26100.8521)
Time: Sun Jun 28 13:57:38 2026 SE Asia Standard Time elapsed time: 8.062480 seconds (0d 0h 0m 8s)

---------------  T H R E A D  ---------------

Current thread (0x0000027a115d81e0):  JavaThread "C2 CompilerThread0" daemon [_thread_in_native, id=35744, stack(0x000000e100f00000,0x000000e101000000) (1024K)]


Current CompileTask:
C2:8062 3679       4       java.lang.invoke.MethodType::makeImpl (109 bytes)

Stack: [0x000000e100f00000,0x000000e101000000]
Native frames: (J=compiled Java code, j=interpreted, Vv=VM code, C=native code)
V  [jvm.dll+0x6d7e19]
V  [jvm.dll+0x8b5096]
V  [jvm.dll+0x8b764e]
V  [jvm.dll+0x8b7d33]
V  [jvm.dll+0x284596]
V  [jvm.dll+0xc685d]
V  [jvm.dll+0xc6da1]
V  [jvm.dll+0x3bed6b]
V  [jvm.dll+0x1e3f42]
V  [jvm.dll+0x24c853]
V  [jvm.dll+0x24bce0]
V  [jvm.dll+0x1cb4ae]
V  [jvm.dll+0x25baad]
V  [jvm.dll+0x25a03a]
V  [jvm.dll+0x3f868e]
V  [jvm.dll+0x85fb0d]
V  [jvm.dll+0x6d664d]
C  [ucrtbase.dll+0x2cd30]
C  [KERNEL32.DLL+0x2e957]
C  [ntdll.dll+0x87c1c]


---------------  P R O C E S S  ---------------

Threads class SMR info:
_java_thread_list=0x0000027a18d32dc0, length=26, elements={
0x00000279b8792b50, 0x00000279b88313e0, 0x00000279b8833050, 0x00000279b8839f80,
0x00000279b883cd70, 0x00000279b88461d0, 0x00000279b884d360, 0x0000027a115d81e0,
0x0000027a115ee220, 0x0000027a116b2d70, 0x0000027a116d8900, 0x0000027a117f7b30,
0x0000027a1192e240, 0x0000027a174d45e0, 0x0000027a1786c1b0, 0x0000027a1795b720,
0x0000027a1795c9b0, 0x0000027a17f3a4c0, 0x0000027a17d216e0, 0x0000027a17f90f00,
0x0000027a17eb8f70, 0x0000027a17dddb10, 0x0000027a11823930, 0x0000027a11824650,
0x0000027a118211d0, 0x0000027a11821ef0
}

Java Threads: ( => current thread )
  0x00000279b8792b50 JavaThread "main"                              [_thread_blocked, id=24352, stack(0x000000e100500000,0x000000e100600000) (1024K)]
  0x00000279b88313e0 JavaThread "Reference Handler"          daemon [_thread_blocked, id=20112, stack(0x000000e100900000,0x000000e100a00000) (1024K)]
  0x00000279b8833050 JavaThread "Finalizer"                  daemon [_thread_blocked, id=29480, stack(0x000000e100a00000,0x000000e100b00000) (1024K)]
  0x00000279b8839f80 JavaThread "Signal Dispatcher"          daemon [_thread_blocked, id=18724, stack(0x000000e100b00000,0x000000e100c00000) (1024K)]
  0x00000279b883cd70 JavaThread "Attach Listener"            daemon [_thread_blocked, id=38560, stack(0x000000e100c00000,0x000000e100d00000) (1024K)]
  0x00000279b88461d0 JavaThread "Service Thread"             daemon [_thread_blocked, id=6744, stack(0x000000e100d00000,0x000000e100e00000) (1024K)]
  0x00000279b884d360 JavaThread "Monitor Deflation Thread"   daemon [_thread_blocked, id=21396, stack(0x000000e100e00000,0x000000e100f00000) (1024K)]
=>0x0000027a115d81e0 JavaThread "C2 CompilerThread0"         daemon [_thread_in_native, id=35744, stack(0x000000e100f00000,0x000000e101000000) (1024K)]
  0x0000027a115ee220 JavaThread "C1 CompilerThread0"         daemon [_thread_in_vm, id=17752, stack(0x000000e101000000,0x000000e101100000) (1024K)]
  0x0000027a116b2d70 JavaThread "C1 CompilerThread1"         daemon [_thread_blocked, id=8332, stack(0x000000e101100000,0x000000e101200000) (1024K)]
  0x0000027a116d8900 JavaThread "C1 CompilerThread2"         daemon [_thread_blocked, id=9700, stack(0x000000e101200000,0x000000e101300000) (1024K)]
  0x0000027a117f7b30 JavaThread "Common-Cleaner"             daemon [_thread_blocked, id=26096, stack(0x000000e101400000,0x000000e101500000) (1024K)]
  0x0000027a1192e240 JavaThread "Notification Thread"        daemon [_thread_blocked, id=34672, stack(0x000000e101600000,0x000000e101700000) (1024K)]
  0x0000027a174d45e0 JavaThread "Active Thread: Equinox Container: 39e58d4e-2da6-4f5f-a32e-2299c707fffd"        [_thread_blocked, id=36320, stack(0x000000e101300000,0x000000e101400000) (1024K)]
  0x0000027a1786c1b0 JavaThread "Refresh Thread: Equinox Container: 39e58d4e-2da6-4f5f-a32e-2299c707fffd" daemon [_thread_blocked, id=11076, stack(0x000000e101e00000,0x000000e101f00000) (1024K)]
  0x0000027a1795b720 JavaThread "Framework Event Dispatcher: Equinox Container: 39e58d4e-2da6-4f5f-a32e-2299c707fffd" daemon [_thread_blocked, id=11960, stack(0x000000e101f00000,0x000000e102000000) (1024K)]
  0x0000027a1795c9b0 JavaThread "Start Level: Equinox Container: 39e58d4e-2da6-4f5f-a32e-2299c707fffd" daemon [_thread_blocked, id=29648, stack(0x000000e102000000,0x000000e102100000) (1024K)]
  0x0000027a17f3a4c0 JavaThread "Bundle File Closer"         daemon [_thread_blocked, id=38784, stack(0x000000e102400000,0x000000e102500000) (1024K)]
  0x0000027a17d216e0 JavaThread "SCR Component Actor"        daemon [_thread_blocked, id=8628, stack(0x000000e101500000,0x000000e101600000) (1024K)]
  0x0000027a17f90f00 JavaThread "C2 CompilerThread1"         daemon [_thread_in_vm, id=22760, stack(0x000000e102500000,0x000000e102600000) (1024K)]
  0x0000027a17eb8f70 JavaThread "Worker-JM"                         [_thread_blocked, id=36856, stack(0x000000e102600000,0x000000e102700000) (1024K)]
  0x0000027a17dddb10 JavaThread "C1 CompilerThread3"         daemon [_thread_blocked, id=37004, stack(0x000000e102900000,0x000000e102a00000) (1024K)]
  0x0000027a11823930 JavaThread "JNA Cleaner"                daemon [_thread_blocked, id=7800, stack(0x000000e102a00000,0x000000e102b00000) (1024K)]
  0x0000027a11824650 JavaThread "Worker-0: Checking project encoding"        [_thread_blocked, id=35492, stack(0x000000e102b00000,0x000000e102c00000) (1024K)]
  0x0000027a118211d0 JavaThread "Worker-1: Refreshing workspace"        [_thread_blocked, id=12380, stack(0x000000e102c00000,0x000000e102d00000) (1024K)]
  0x0000027a11821ef0 JavaThread "Worker-2"                          [_thread_blocked, id=2712, stack(0x000000e102d00000,0x000000e102e00000) (1024K)]
Total: 26

Other Threads:
  0x00000279b8724400 VMThread "VM Thread"                           [id=22188, stack(0x000000e100800000,0x000000e100900000) (1024K)]
  0x00000279b861bb20 WatcherThread "VM Periodic Task Thread"        [id=32868, stack(0x000000e100700000,0x000000e100800000) (1024K)]
  0x00000279b87b0d00 WorkerThread "GC Thread#0"                     [id=10016, stack(0x000000e100600000,0x000000e100700000) (1024K)]
  0x0000027a17575e50 WorkerThread "GC Thread#1"                     [id=21004, stack(0x000000e101700000,0x000000e101800000) (1024K)]
  0x0000027a17576200 WorkerThread "GC Thread#2"                     [id=23056, stack(0x000000e101800000,0x000000e101900000) (1024K)]
  0x0000027a1748c4f0 WorkerThread "GC Thread#3"                     [id=6344, stack(0x000000e101900000,0x000000e101a00000) (1024K)]
  0x0000027a1748c8a0 WorkerThread "GC Thread#4"                     [id=34220, stack(0x000000e101a00000,0x000000e101b00000) (1024K)]
  0x0000027a1721ce30 WorkerThread "GC Thread#5"                     [id=34236, stack(0x000000e101b00000,0x000000e101c00000) (1024K)]
  0x0000027a17389260 WorkerThread "GC Thread#6"                     [id=16864, stack(0x000000e101c00000,0x000000e101d00000) (1024K)]
  0x0000027a17871050 WorkerThread "GC Thread#7"                     [id=30500, stack(0x000000e101d00000,0x000000e101e00000) (1024K)]
  0x0000027a17862200 WorkerThread "GC Thread#8"                     [id=26352, stack(0x000000e102100000,0x000000e102200000) (1024K)]
  0x0000027a178625b0 WorkerThread "GC Thread#9"                     [id=26712, stack(0x000000e102200000,0x000000e102300000) (1024K)]
  0x0000027a17864970 WorkerThread "GC Thread#10"                    [id=34204, stack(0x000000e102300000,0x000000e102400000) (1024K)]
  0x0000027a1184ce80 WorkerThread "GC Thread#11"                    [id=17388, stack(0x000000e102700000,0x000000e102800000) (1024K)]
  0x0000027a1184d230 WorkerThread "GC Thread#12"                    [id=29972, stack(0x000000e102800000,0x000000e102900000) (1024K)]
Total: 15

Threads with active compile tasks:
C2 CompilerThread0  8093 3679       4       java.lang.invoke.MethodType::makeImpl (109 bytes)
C1 CompilerThread0  8093 3941   !   3       java.net.URLClassLoader::defineClass (224 bytes)
C1 CompilerThread1  8093 3940   !   3       java.net.URLClassLoader$1::run (81 bytes)
C2 CompilerThread1  8094 3919       4       org.objectweb.asm.ClassReader::readUtf (161 bytes)
C1 CompilerThread3  8094 3931       3       org.objectweb.asm.ClassReader::readCode (5117 bytes)
Total: 5

VM state: not at safepoint (normal execution)

VM Mutex/Monitor currently owned by a thread:  ([mutex/lock_event])
[0x00007fff7e3ae070] MethodCompileQueue_lock - owner thread: 0x0000027a115ee220
[0x00007fff7e3af470] CodeCache_lock - owner thread: 0x0000027a115ee220
[0x00007fff7e3af5f0] Compile_lock - owner thread: 0x0000027a115ee220

Heap address: 0x0000000080000000, size: 2048 MB, Compressed Oops mode: 32-bit

CDS archive(s) mapped at: [0x00000279d0000000-0x00000279d0ba0000-0x00000279d0ba0000), size 12189696, SharedBaseAddress: 0x00000279d0000000, ArchiveRelocationMode: 1.
Compressed class space mapped at: 0x00000279d1000000-0x0000027a11000000, reserved size: 1073741824
Narrow klass base: 0x00000279d0000000, Narrow klass shift: 0, Narrow klass range: 0x100000000

GC Precious Log:
 CardTable entry size: 512
 CPUs: 16 total, 16 available
 Memory: 8010M
 Large Page Support: Disabled
 NUMA Support: Disabled
 Compressed Oops: Enabled (32-bit)
 Alignments: Space 512K, Generation 512K, Heap 2M
 Heap Min Capacity: 100M
 Heap Initial Capacity: 100M
 Heap Max Capacity: 2G
 Pre-touch: Disabled
 Parallel Workers: 13

Heap:
 PSYoungGen      total 29696K, used 10872K [0x00000000d5580000, 0x00000000d7a80000, 0x0000000100000000)
  eden space 24064K, 21% used [0x00000000d5580000,0x00000000d5aa1ca8,0x00000000d6d00000)
  from space 5632K, 99% used [0x00000000d7380000,0x00000000d78fc460,0x00000000d7900000)
  to   space 6656K, 0% used [0x00000000d6d00000,0x00000000d6d00000,0x00000000d7380000)
 ParOldGen       total 68608K, used 7637K [0x0000000080000000, 0x0000000084300000, 0x00000000d5580000)
  object space 68608K, 11% used [0x0000000080000000,0x00000000807756e8,0x0000000084300000)
 Metaspace       used 18568K, committed 19264K, reserved 1114112K
  class space    used 1909K, committed 2176K, reserved 1048576K

Card table byte_map: [0x00000279b8130000,0x00000279b8540000] _byte_map_base: 0x00000279b7d30000

Marking Bits: (ParMarkBitMap*) 0x00007fff7e3b4460
 Begin Bits: [0x00000279cac40000, 0x00000279ccc40000)
 End Bits:   [0x00000279ccc40000, 0x00000279cec40000)

Polling page: 0x00000279b65a0000

Metaspace:

Usage:
  Non-class:     16.27 MB used.
      Class:      1.86 MB used.
       Both:     18.13 MB used.

Virtual space:
  Non-class space:       64.00 MB reserved,      16.69 MB ( 26%) committed,  1 nodes.
      Class space:        1.00 GB reserved,       2.12 MB ( <1%) committed,  1 nodes.
             Both:        1.06 GB reserved,      18.81 MB (  2%) committed. 

Chunk freelists:
   Non-Class:  14.98 MB
       Class:  13.81 MB
        Both:  28.80 MB

MaxMetaspaceSize: unlimited
CompressedClassSpaceSize: 1.00 GB
Initial GC threshold: 21.00 MB
Current GC threshold: 21.00 MB
CDS: on
 - commit_granule_bytes: 65536.
 - commit_granule_words: 8192.
 - virtual_space_node_default_size: 8388608.
 - enlarge_chunks_in_place: 1.
 - use_allocation_guard: 0.


Internal statistics:

num_allocs_failed_limit: 0.
num_arena_births: 554.
num_arena_deaths: 0.
num_vsnodes_births: 2.
num_vsnodes_deaths: 0.
num_space_committed: 301.
num_space_uncommitted: 0.
num_chunks_returned_to_freelist: 0.
num_chunks_taken_from_freelist: 1235.
num_chunk_merges: 0.
num_chunk_splits: 794.
num_chunks_enlarged: 518.
num_inconsistent_stats: 0.

CodeHeap 'non-profiled nmethods': size=119168Kb used=1542Kb max_used=1542Kb free=117625Kb
 bounds [0x00000279c3530000, 0x00000279c37a0000, 0x00000279ca990000]
CodeHeap 'profiled nmethods': size=119104Kb used=8188Kb max_used=8188Kb free=110915Kb
 bounds [0x00000279bb990000, 0x00000279bc190000, 0x00000279c2de0000]
CodeHeap 'non-nmethods': size=7488Kb used=2973Kb max_used=3000Kb free=4514Kb
 bounds [0x00000279c2de0000, 0x00000279c30e0000, 0x00000279c3530000]
CodeCache: size=245760Kb, used=12703Kb, max_used=12730Kb, free=233054Kb
 total_blobs=4491, nmethods=3929, adapters=465, full_count=0
Compilation: enabled, stopped_count=0, restarted_count=0

Compilation events (20 events):
Event: 7.035 Thread 0x0000027a116b2d70 nmethod 3917 0x00000279bc184c90 code [0x00000279bc185180, 0x00000279bc187768]
Event: 7.035 Thread 0x0000027a116d8900 3923       3       org.objectweb.asm.Frame::getLocal (46 bytes)
Event: 7.035 Thread 0x0000027a115ee220 nmethod 3922 0x00000279bc188510 code [0x00000279bc1886c0, 0x00000279bc188808]
Event: 7.036 Thread 0x0000027a116d8900 nmethod 3923 0x00000279bc188890 code [0x00000279bc188a40, 0x00000279bc188c48]
Event: 7.038 Thread 0x0000027a116b2d70 3924       3       org.objectweb.asm.tree.MethodNode::visitInsn (16 bytes)
Event: 7.038 Thread 0x0000027a116d8900 3925       3       org.objectweb.asm.tree.InsnNode::<init> (6 bytes)
Event: 7.038 Thread 0x0000027a115ee220 3926       3       org.objectweb.asm.ByteVector::put122 (93 bytes)
Event: 7.038 Thread 0x0000027a17dddb10 3927       3       org.objectweb.asm.tree.InsnNode::accept (14 bytes)
Event: 7.038 Thread 0x0000027a116d8900 nmethod 3925 0x00000279bc188d10 code [0x00000279bc188ec0, 0x00000279bc189090]
Event: 7.038 Thread 0x0000027a116b2d70 nmethod 3924 0x00000279bc189190 code [0x00000279bc189360, 0x00000279bc189650]
Event: 7.038 Thread 0x0000027a116b2d70 3928       3       org.objectweb.asm.MethodVisitor::visitInsn (16 bytes)
Event: 7.038 Thread 0x0000027a17dddb10 nmethod 3927 0x00000279bc189810 code [0x00000279bc1899c0, 0x00000279bc189bf0]
Event: 7.038 Thread 0x0000027a115ee220 nmethod 3926 0x00000279bc189d10 code [0x00000279bc189ec0, 0x00000279bc18a138]
Event: 7.038 Thread 0x0000027a116d8900 3929       3       org.objectweb.asm.MethodWriter::visitInsn (115 bytes)
Event: 7.038 Thread 0x0000027a116b2d70 nmethod 3928 0x00000279bc18a310 code [0x00000279bc18a4c0, 0x00000279bc18a6c8]
Event: 7.039 Thread 0x0000027a116d8900 nmethod 3929 0x00000279bc18a790 code [0x00000279bc18a980, 0x00000279bc18ade0]
Event: 7.042 Thread 0x0000027a17dddb10 3930       3       org.objectweb.asm.ClassReader::readShort (27 bytes)
Event: 7.042 Thread 0x0000027a17dddb10 nmethod 3930 0x00000279bc18af90 code [0x00000279bc18b140, 0x00000279bc18b2b8]
Event: 7.043 Thread 0x0000027a17dddb10 3931       3       org.objectweb.asm.ClassReader::readCode (5117 bytes)
Event: 7.043 Thread 0x0000027a116b2d70 3933       3       org.objectweb.asm.Frame::accept (264 bytes)

GC Heap History (12 events):
Event: 0.923 GC heap before
{Heap before GC invocations=1 (full 0):
 PSYoungGen      total 29696K, used 25600K [0x00000000d5580000, 0x00000000d7680000, 0x0000000100000000)
  eden space 25600K, 100% used [0x00000000d5580000,0x00000000d6e80000,0x00000000d6e80000)
  from space 4096K, 0% used [0x00000000d7280000,0x00000000d7280000,0x00000000d7680000)
  to   space 4096K, 0% used [0x00000000d6e80000,0x00000000d6e80000,0x00000000d7280000)
 ParOldGen       total 68608K, used 0K [0x0000000080000000, 0x0000000084300000, 0x00000000d5580000)
  object space 68608K, 0% used [0x0000000080000000,0x0000000080000000,0x0000000084300000)
 Metaspace       used 4170K, committed 4416K, reserved 1114112K
  class space    used 454K, committed 576K, reserved 1048576K
}
Event: 0.936 GC heap after
{Heap after GC invocations=1 (full 0):
 PSYoungGen      total 29696K, used 3691K [0x00000000d5580000, 0x00000000d7680000, 0x0000000100000000)
  eden space 25600K, 0% used [0x00000000d5580000,0x00000000d5580000,0x00000000d6e80000)
  from space 4096K, 90% used [0x00000000d6e80000,0x00000000d721aff0,0x00000000d7280000)
  to   space 4096K, 0% used [0x00000000d7280000,0x00000000d7280000,0x00000000d7680000)
 ParOldGen       total 68608K, used 16K [0x0000000080000000, 0x0000000084300000, 0x00000000d5580000)
  object space 68608K, 0% used [0x0000000080000000,0x0000000080004000,0x0000000084300000)
 Metaspace       used 4170K, committed 4416K, reserved 1114112K
  class space    used 454K, committed 576K, reserved 1048576K
}
Event: 1.790 GC heap before
{Heap before GC invocations=2 (full 0):
 PSYoungGen      total 29696K, used 29291K [0x00000000d5580000, 0x00000000d7680000, 0x0000000100000000)
  eden space 25600K, 100% used [0x00000000d5580000,0x00000000d6e80000,0x00000000d6e80000)
  from space 4096K, 90% used [0x00000000d6e80000,0x00000000d721aff0,0x00000000d7280000)
  to   space 4096K, 0% used [0x00000000d7280000,0x00000000d7280000,0x00000000d7680000)
 ParOldGen       total 68608K, used 16K [0x0000000080000000, 0x0000000084300000, 0x00000000d5580000)
  object space 68608K, 0% used [0x0000000080000000,0x0000000080004000,0x0000000084300000)
 Metaspace       used 7844K, committed 8192K, reserved 1114112K
  class space    used 810K, committed 960K, reserved 1048576K
}
Event: 1.797 GC heap after
{Heap after GC invocations=2 (full 0):
 PSYoungGen      total 29696K, used 4074K [0x00000000d5580000, 0x00000000d7680000, 0x0000000100000000)
  eden space 25600K, 0% used [0x00000000d5580000,0x00000000d5580000,0x00000000d6e80000)
  from space 4096K, 99% used [0x00000000d7280000,0x00000000d767ab70,0x00000000d7680000)
  to   space 4096K, 0% used [0x00000000d6e80000,0x00000000d6e80000,0x00000000d7280000)
 ParOldGen       total 68608K, used 1928K [0x0000000080000000, 0x0000000084300000, 0x00000000d5580000)
  object space 68608K, 2% used [0x0000000080000000,0x00000000801e2020,0x0000000084300000)
 Metaspace       used 7844K, committed 8192K, reserved 1114112K
  class space    used 810K, committed 960K, reserved 1048576K
}
Event: 2.666 GC heap before
{Heap before GC invocations=3 (full 0):
 PSYoungGen      total 29696K, used 29674K [0x00000000d5580000, 0x00000000d7680000, 0x0000000100000000)
  eden space 25600K, 100% used [0x00000000d5580000,0x00000000d6e80000,0x00000000d6e80000)
  from space 4096K, 99% used [0x00000000d7280000,0x00000000d767ab70,0x00000000d7680000)
  to   space 4096K, 0% used [0x00000000d6e80000,0x00000000d6e80000,0x00000000d7280000)
 ParOldGen       total 68608K, used 1928K [0x0000000080000000, 0x0000000084300000, 0x00000000d5580000)
  object space 68608K, 2% used [0x0000000080000000,0x00000000801e2020,0x0000000084300000)
 Metaspace       used 9492K, committed 9792K, reserved 1114112K
  class space    used 1007K, committed 1152K, reserved 1048576K
}
Event: 2.674 GC heap after
{Heap after GC invocations=3 (full 0):
 PSYoungGen      total 29696K, used 4069K [0x00000000d5580000, 0x00000000d7680000, 0x0000000100000000)
  eden space 25600K, 0% used [0x00000000d5580000,0x00000000d5580000,0x00000000d6e80000)
  from space 4096K, 99% used [0x00000000d6e80000,0x00000000d72796a0,0x00000000d7280000)
  to   space 4096K, 0% used [0x00000000d7280000,0x00000000d7280000,0x00000000d7680000)
 ParOldGen       total 68608K, used 4280K [0x0000000080000000, 0x0000000084300000, 0x00000000d5580000)
  object space 68608K, 6% used [0x0000000080000000,0x000000008042e3b0,0x0000000084300000)
 Metaspace       used 9492K, committed 9792K, reserved 1114112K
  class space    used 1007K, committed 1152K, reserved 1048576K
}
Event: 5.149 GC heap before
{Heap before GC invocations=4 (full 0):
 PSYoungGen      total 29696K, used 29669K [0x00000000d5580000, 0x00000000d7680000, 0x0000000100000000)
  eden space 25600K, 100% used [0x00000000d5580000,0x00000000d6e80000,0x00000000d6e80000)
  from space 4096K, 99% used [0x00000000d6e80000,0x00000000d72796a0,0x00000000d7280000)
  to   space 4096K, 0% used [0x00000000d7280000,0x00000000d7280000,0x00000000d7680000)
 ParOldGen       total 68608K, used 4280K [0x0000000080000000, 0x0000000084300000, 0x00000000d5580000)
  object space 68608K, 6% used [0x0000000080000000,0x000000008042e3b0,0x0000000084300000)
 Metaspace       used 11301K, committed 11648K, reserved 1114112K
  class space    used 1184K, committed 1344K, reserved 1048576K
}
Event: 5.156 GC heap after
{Heap after GC invocations=4 (full 0):
 PSYoungGen      total 29696K, used 4077K [0x00000000d5580000, 0x00000000d7680000, 0x0000000100000000)
  eden space 25600K, 0% used [0x00000000d5580000,0x00000000d5580000,0x00000000d6e80000)
  from space 4096K, 99% used [0x00000000d7280000,0x00000000d767b4d0,0x00000000d7680000)
  to   space 4096K, 0% used [0x00000000d6e80000,0x00000000d6e80000,0x00000000d7280000)
 ParOldGen       total 68608K, used 6726K [0x0000000080000000, 0x0000000084300000, 0x00000000d5580000)
  object space 68608K, 9% used [0x0000000080000000,0x0000000080691ac8,0x0000000084300000)
 Metaspace       used 11301K, committed 11648K, reserved 1114112K
  class space    used 1184K, committed 1344K, reserved 1048576K
}
Event: 5.936 GC heap before
{Heap before GC invocations=5 (full 0):
 PSYoungGen      total 29696K, used 29677K [0x00000000d5580000, 0x00000000d7680000, 0x0000000100000000)
  eden space 25600K, 100% used [0x00000000d5580000,0x00000000d6e80000,0x00000000d6e80000)
  from space 4096K, 99% used [0x00000000d7280000,0x00000000d767b4d0,0x00000000d7680000)
  to   space 4096K, 0% used [0x00000000d6e80000,0x00000000d6e80000,0x00000000d7280000)
 ParOldGen       total 68608K, used 6726K [0x0000000080000000, 0x0000000084300000, 0x00000000d5580000)
  object space 68608K, 9% used [0x0000000080000000,0x0000000080691ac8,0x0000000084300000)
 Metaspace       used 14422K, committed 14912K, reserved 1114112K
  class space    used 1471K, committed 1664K, reserved 1048576K
}
Event: 5.941 GC heap after
{Heap after GC invocations=5 (full 0):
 PSYoungGen      total 29184K, used 4067K [0x00000000d5580000, 0x00000000d7900000, 0x0000000100000000)
  eden space 25088K, 0% used [0x00000000d5580000,0x00000000d5580000,0x00000000d6e00000)
  from space 4096K, 99% used [0x00000000d6e80000,0x00000000d7278d38,0x00000000d7280000)
  to   space 5632K, 0% used [0x00000000d7380000,0x00000000d7380000,0x00000000d7900000)
 ParOldGen       total 68608K, used 7309K [0x0000000080000000, 0x0000000084300000, 0x00000000d5580000)
  object space 68608K, 10% used [0x0000000080000000,0x00000000807236e8,0x0000000084300000)
 Metaspace       used 14422K, committed 14912K, reserved 1114112K
  class space    used 1471K, committed 1664K, reserved 1048576K
}
Event: 6.921 GC heap before
{Heap before GC invocations=6 (full 0):
 PSYoungGen      total 29184K, used 29155K [0x00000000d5580000, 0x00000000d7900000, 0x0000000100000000)
  eden space 25088K, 100% used [0x00000000d5580000,0x00000000d6e00000,0x00000000d6e00000)
  from space 4096K, 99% used [0x00000000d6e80000,0x00000000d7278d38,0x00000000d7280000)
  to   space 5632K, 0% used [0x00000000d7380000,0x00000000d7380000,0x00000000d7900000)
 ParOldGen       total 68608K, used 7309K [0x0000000080000000, 0x0000000084300000, 0x00000000d5580000)
  object space 68608K, 10% used [0x0000000080000000,0x00000000807236e8,0x0000000084300000)
 Metaspace       used 18005K, committed 18624K, reserved 1114112K
  class space    used 1855K, committed 2112K, reserved 1048576K
}
Event: 6.926 GC heap after
{Heap after GC invocations=6 (full 0):
 PSYoungGen      total 29696K, used 5617K [0x00000000d5580000, 0x00000000d7a80000, 0x0000000100000000)
  eden space 24064K, 0% used [0x00000000d5580000,0x00000000d5580000,0x00000000d6d00000)
  from space 5632K, 99% used [0x00000000d7380000,0x00000000d78fc460,0x00000000d7900000)
  to   space 6656K, 0% used [0x00000000d6d00000,0x00000000d6d00000,0x00000000d7380000)
 ParOldGen       total 68608K, used 7637K [0x0000000080000000, 0x0000000084300000, 0x00000000d5580000)
  object space 68608K, 11% used [0x0000000080000000,0x00000000807756e8,0x0000000084300000)
 Metaspace       used 18005K, committed 18624K, reserved 1114112K
  class space    used 1855K, committed 2112K, reserved 1048576K
}

Dll operation events (10 events):
Event: 0.024 Loaded shared library c:\Users\ASUS\.vscode\extensions\redhat.java-1.55.0-win32-x64\jre\21.0.11-win32-x86_64\bin\java.dll
Event: 0.093 Loaded shared library c:\Users\ASUS\.vscode\extensions\redhat.java-1.55.0-win32-x64\jre\21.0.11-win32-x86_64\bin\zip.dll
Event: 0.118 Loaded shared library C:\Users\ASUS\.vscode\extensions\redhat.java-1.55.0-win32-x64\jre\21.0.11-win32-x86_64\bin\instrument.dll
Event: 0.125 Loaded shared library C:\Users\ASUS\.vscode\extensions\redhat.java-1.55.0-win32-x64\jre\21.0.11-win32-x86_64\bin\net.dll
Event: 0.129 Loaded shared library C:\Users\ASUS\.vscode\extensions\redhat.java-1.55.0-win32-x64\jre\21.0.11-win32-x86_64\bin\nio.dll
Event: 0.132 Loaded shared library C:\Users\ASUS\.vscode\extensions\redhat.java-1.55.0-win32-x64\jre\21.0.11-win32-x86_64\bin\zip.dll
Event: 0.152 Loaded shared library C:\Users\ASUS\.vscode\extensions\redhat.java-1.55.0-win32-x64\jre\21.0.11-win32-x86_64\bin\jimage.dll
Event: 0.239 Loaded shared library c:\Users\ASUS\.vscode\extensions\redhat.java-1.55.0-win32-x64\jre\21.0.11-win32-x86_64\bin\verify.dll
Event: 1.972 Loaded shared library C:\Users\ASUS\AppData\Roaming\Code\User\globalStorage\redhat.java\1.55.0\config_win\org.eclipse.equinox.launcher\org.eclipse.equinox.launcher.win32.win32.x86_64_1.3.100.v20260613-0559\eclipse_11924.dll
Event: 6.647 Loaded shared library C:\Users\ASUS\AppData\Local\Temp\jna-2018896\jna3057432995672672070.dll

Deoptimization events (20 events):
Event: 6.729 Thread 0x0000027a1795c9b0 Uncommon trap: trap_request=0xffffffde fr.pc=0x00000279c3651584 relative=0x0000000000000c84
Event: 6.729 Thread 0x0000027a1795c9b0 Uncommon trap: reason=class_check action=maybe_recompile pc=0x00000279c3651584 method=java.io.BufferedInputStream.read1([BII)I @ 52 c2
Event: 6.729 Thread 0x0000027a1795c9b0 DEOPT PACKING pc=0x00000279c3651584 sp=0x000000e1020f91a0
Event: 6.729 Thread 0x0000027a1795c9b0 DEOPT UNPACKING pc=0x00000279c2e33aa2 sp=0x000000e1020f9038 mode 2
Event: 6.730 Thread 0x0000027a1795c9b0 Uncommon trap: trap_request=0xffffff45 fr.pc=0x00000279c364c34c relative=0x000000000000130c
Event: 6.730 Thread 0x0000027a1795c9b0 Uncommon trap: reason=unstable_if action=reinterpret pc=0x00000279c364c34c method=sun.nio.fs.WindowsPathParser.isSlash(C)Z @ 9 c2
Event: 6.730 Thread 0x0000027a1795c9b0 DEOPT PACKING pc=0x00000279c364c34c sp=0x000000e1020f8f60
Event: 6.730 Thread 0x0000027a1795c9b0 DEOPT UNPACKING pc=0x00000279c2e33aa2 sp=0x000000e1020f8f10 mode 2
Event: 6.734 Thread 0x0000027a1795c9b0 Uncommon trap: trap_request=0xffffffde fr.pc=0x00000279c3651584 relative=0x0000000000000c84
Event: 6.734 Thread 0x0000027a1795c9b0 Uncommon trap: reason=class_check action=maybe_recompile pc=0x00000279c3651584 method=java.io.BufferedInputStream.read1([BII)I @ 52 c2
Event: 6.734 Thread 0x0000027a1795c9b0 DEOPT PACKING pc=0x00000279c3651584 sp=0x000000e1020f91a0
Event: 6.734 Thread 0x0000027a1795c9b0 DEOPT UNPACKING pc=0x00000279c2e33aa2 sp=0x000000e1020f9038 mode 2
Event: 6.739 Thread 0x0000027a1795c9b0 Uncommon trap: trap_request=0xffffffde fr.pc=0x00000279c3651584 relative=0x0000000000000c84
Event: 6.739 Thread 0x0000027a1795c9b0 Uncommon trap: reason=class_check action=maybe_recompile pc=0x00000279c3651584 method=java.io.BufferedInputStream.read1([BII)I @ 52 c2
Event: 6.739 Thread 0x0000027a1795c9b0 DEOPT PACKING pc=0x00000279c3651584 sp=0x000000e1020f91a0
Event: 6.740 Thread 0x0000027a1795c9b0 DEOPT UNPACKING pc=0x00000279c2e33aa2 sp=0x000000e1020f9038 mode 2
Event: 6.844 Thread 0x0000027a11824650 Uncommon trap: trap_request=0xffffff45 fr.pc=0x00000279c360c8e0 relative=0x00000000000000c0
Event: 6.844 Thread 0x0000027a11824650 Uncommon trap: reason=unstable_if action=reinterpret pc=0x00000279c360c8e0 method=java.util.concurrent.locks.ReentrantLock$NonfairSync.initialTryLock()Z @ 25 c2
Event: 6.844 Thread 0x0000027a11824650 DEOPT PACKING pc=0x00000279c360c8e0 sp=0x000000e102bfdb70
Event: 6.844 Thread 0x0000027a11824650 DEOPT UNPACKING pc=0x00000279c2e33aa2 sp=0x000000e102bfdaf0 mode 2

Classes loaded (20 events):
Event: 6.788 Loading class java/lang/ThreadDeath
Event: 6.789 Loading class java/lang/ThreadDeath done
Event: 6.810 Loading class java/util/stream/SortedOps$SizedRefSortingSink
Event: 6.810 Loading class java/util/stream/SortedOps$SizedRefSortingSink done
Event: 6.815 Loading class java/io/DataOutputStream
Event: 6.815 Loading class java/io/DataOutputStream done
Event: 6.861 Loading class java/util/concurrent/atomic/Striped64$1
Event: 6.861 Loading class java/util/concurrent/atomic/Striped64$1 done
Event: 6.964 Loading class java/util/BitSet
Event: 6.964 Loading class java/util/BitSet done
Event: 6.971 Loading class sun/net/www/protocol/jrt/JavaRuntimeURLConnection
Event: 6.972 Loading class sun/net/www/protocol/jrt/JavaRuntimeURLConnection done
Event: 6.973 Loading class sun/net/www/protocol/jrt/JavaRuntimeURLConnection$1
Event: 6.973 Loading class sun/net/www/protocol/jrt/JavaRuntimeURLConnection$1 done
Event: 6.999 Loading class java/util/function/UnaryOperator
Event: 7.000 Loading class java/util/function/UnaryOperator done
Event: 7.001 Loading class java/util/ServiceConfigurationError
Event: 7.002 Loading class java/util/ServiceConfigurationError done
Event: 7.029 Loading class java/lang/InheritableThreadLocal
Event: 7.029 Loading class java/lang/InheritableThreadLocal done

Classes unloaded (0 events):
No events

Classes redefined (0 events):
No events

Internal exceptions (20 events):
Event: 6.387 Thread 0x0000027a1795c9b0 Exception <a 'java/lang/NoSuchMethodError'{0x00000000d62a48a8}: 'java.lang.Object java.lang.invoke.DirectMethodHandle$Holder.invokeStaticInit(java.lang.Object, int)'> (0x00000000d62a48a8) 
thrown [s\src\hotspot\share\interpreter\linkResolver.cpp, line 773]
Event: 6.454 Thread 0x0000027a1795c9b0 Exception <a 'java/lang/NoSuchMethodError'{0x00000000d6525600}: 'java.lang.Object java.lang.invoke.DirectMethodHandle$Holder.invokeStaticInit(java.lang.Object, int, int, int, int)'> (0x00000000d6525600) 
thrown [s\src\hotspot\share\interpreter\linkResolver.cpp, line 773]
Event: 6.550 Thread 0x0000027a1795c9b0 Exception <a 'java/lang/NoSuchMethodError'{0x00000000d662aec8}: 'java.lang.Object java.lang.invoke.DirectMethodHandle$Holder.invokeStaticInit(java.lang.Object, java.lang.Object, int, int, int, int)'> (0x00000000d662aec8) 
thrown [s\src\hotspot\share\interpreter\linkResolver.cpp, line 773]
Event: 6.683 Thread 0x0000027a1795c9b0 Exception <a 'java/lang/NoSuchMethodError'{0x00000000d674e2d0}: 'void java.lang.invoke.DirectMethodHandle$Holder.invokeSpecial(java.lang.Object, java.lang.Object, java.lang.Object, int)'> (0x00000000d674e2d0) 
thrown [s\src\hotspot\share\interpreter\linkResolver.cpp, line 773]
Event: 6.683 Thread 0x0000027a1795c9b0 Exception <a 'java/lang/NoSuchMethodError'{0x00000000d6751c60}: 'void java.lang.invoke.DelegatingMethodHandle$Holder.reinvoke_L(java.lang.Object, java.lang.Object, int)'> (0x00000000d6751c60) 
thrown [s\src\hotspot\share\interpreter\linkResolver.cpp, line 773]
Event: 6.684 Thread 0x0000027a1795c9b0 Exception <a 'java/lang/NoSuchMethodError'{0x00000000d6758948}: 'int java.lang.invoke.Invokers$Holder.invokeExact_MT(java.lang.Object, java.lang.Object, java.lang.Object)'> (0x00000000d6758948) 
thrown [s\src\hotspot\share\interpreter\linkResolver.cpp, line 773]
Event: 6.705 Thread 0x0000027a1795c9b0 Exception <a 'java/lang/NoSuchMethodError'{0x00000000d682f510}: method resolution failed> (0x00000000d682f510) 
thrown [s\src\hotspot\share\prims\methodHandles.cpp, line 1136]
Event: 6.717 Thread 0x0000027a1795c9b0 Exception <a 'java/lang/NoSuchMethodError'{0x00000000d6888448}: 'void java.lang.invoke.Invokers$Holder.invokeExact_MT(java.lang.Object, java.lang.Object, int, java.lang.Object)'> (0x00000000d6888448) 
thrown [s\src\hotspot\share\interpreter\linkResolver.cpp, line 773]
Event: 6.782 Thread 0x0000027a1795c9b0 Exception <a 'java/lang/NoSuchMethodError'{0x00000000d69ee5b8}: 'java.lang.Object java.lang.invoke.DirectMethodHandle$Holder.invokeSpecial(java.lang.Object, java.lang.Object, java.lang.Object, long, java.lang.Object)'> (0x00000000d69ee5b8) 
thrown [s\src\hotspot\share\interpreter\linkResolver.cpp, line 773]
Event: 6.783 Thread 0x0000027a1795c9b0 Exception <a 'java/lang/NoSuchMethodError'{0x00000000d69f5e00}: 'java.lang.Object java.lang.invoke.DirectMethodHandle$Holder.newInvokeSpecial(java.lang.Object, java.lang.Object, java.lang.Object, long)'> (0x00000000d69f5e00) 
thrown [s\src\hotspot\share\interpreter\linkResolver.cpp, line 773]
Event: 6.784 Thread 0x0000027a1795c9b0 Exception <a 'java/lang/NoSuchMethodError'{0x00000000d69fa1b0}: 'java.lang.Object java.lang.invoke.DirectMethodHandle$Holder.invokeSpecial(java.lang.Object, java.lang.Object, java.lang.Object, java.lang.Object, long)'> (0x00000000d69fa1b0) 
thrown [s\src\hotspot\share\interpreter\linkResolver.cpp, line 773]
Event: 6.784 Thread 0x0000027a1795c9b0 Exception <a 'java/lang/NoSuchMethodError'{0x00000000d69fe010}: 'java.lang.Object java.lang.invoke.Invokers$Holder.linkToTargetMethod(java.lang.Object, java.lang.Object, long, java.lang.Object)'> (0x00000000d69fe010) 
thrown [s\src\hotspot\share\interpreter\linkResolver.cpp, line 773]
Event: 6.806 Thread 0x0000027a1795c9b0 Exception <a 'java/lang/NoSuchMethodError'{0x00000000d6a711d8}: 'int java.lang.invoke.DirectMethodHandle$Holder.invokeStaticInit(java.lang.Object, java.lang.Object, java.lang.Object)'> (0x00000000d6a711d8) 
thrown [s\src\hotspot\share\interpreter\linkResolver.cpp, line 773]
Event: 6.827 Thread 0x0000027a1795c9b0 Exception <a 'java/lang/IncompatibleClassChangeError'{0x00000000d6b258c8}: Found class java.lang.Object, but interface was expected> (0x00000000d6b258c8) 
thrown [s\src\hotspot\share\interpreter\linkResolver.cpp, line 840]
Event: 6.837 Thread 0x0000027a1795c9b0 Exception <a 'java/lang/NoSuchMethodError'{0x00000000d6b3eec0}: 'java.lang.Object java.lang.invoke.DirectMethodHandle$Holder.invokeSpecial(java.lang.Object, java.lang.Object, java.lang.Object, int, java.lang.Object, java.lang.Object)'> (0x00000000d6b3eec0) 
thrown [s\src\hotspot\share\interpreter\linkResolver.cpp, line 773]
Event: 6.838 Thread 0x0000027a1795c9b0 Exception <a 'java/lang/NoSuchMethodError'{0x00000000d6b46950}: 'java.lang.Object java.lang.invoke.DirectMethodHandle$Holder.newInvokeSpecial(java.lang.Object, java.lang.Object, java.lang.Object, int, java.lang.Object)'> (0x00000000d6b46950) 
thrown [s\src\hotspot\share\interpreter\linkResolver.cpp, line 773]
Event: 6.839 Thread 0x0000027a1795c9b0 Exception <a 'java/lang/NoSuchMethodError'{0x00000000d6b4a8d0}: 'java.lang.Object java.lang.invoke.DirectMethodHandle$Holder.invokeSpecial(java.lang.Object, java.lang.Object, java.lang.Object, java.lang.Object, int, java.lang.Object)'> (0x00000000d6b4a8d0) 
thrown [s\src\hotspot\share\interpreter\linkResolver.cpp, line 773]
Event: 6.839 Thread 0x0000027a1795c9b0 Exception <a 'java/lang/NoSuchMethodError'{0x00000000d6b4e410}: 'java.lang.Object java.lang.invoke.Invokers$Holder.linkToTargetMethod(java.lang.Object, java.lang.Object, int, java.lang.Object, java.lang.Object)'> (0x00000000d6b4e410) 
thrown [s\src\hotspot\share\interpreter\linkResolver.cpp, line 773]
Event: 6.841 Thread 0x0000027a11824650 Exception <a 'java/lang/NoSuchMethodError'{0x00000000d6a5c130}: 'java.lang.Object java.lang.invoke.DirectMethodHandle$Holder.invokeSpecial(java.lang.Object, java.lang.Object, int, java.lang.Object, java.lang.Object)'> (0x00000000d6a5c130) 
thrown [s\src\hotspot\share\interpreter\linkResolver.cpp, line 773]
Event: 6.865 Thread 0x0000027a1795c9b0 Exception <a 'java/lang/NoSuchMethodError'{0x00000000d6c55d80}: 'void java.lang.invoke.DirectMethodHandle$Holder.invokeSpecial(java.lang.Object, java.lang.Object, java.lang.Object, java.lang.Object, java.lang.Object)'> (0x00000000d6c55d80) 
thrown [s\src\hotspot\share\interpreter\linkResolver.cpp, line 773]

ZGC Phase Switch (0 events):
No events

VM Operations (20 events):
Event: 5.731 Executing safepoint VM operation: ICBufferFull done
Event: 5.936 Executing safepoint VM operation: ParallelGCFailedAllocation (Allocation Failure)
Event: 5.941 Executing safepoint VM operation: ParallelGCFailedAllocation (Allocation Failure) done
Event: 6.163 Executing non-safepoint VM operation: HandshakeAllThreads (Deoptimize)
Event: 6.163 Executing non-safepoint VM operation: HandshakeAllThreads (Deoptimize) done
Event: 6.403 Executing non-safepoint VM operation: HandshakeAllThreads (Deoptimize)
Event: 6.403 Executing non-safepoint VM operation: HandshakeAllThreads (Deoptimize) done
Event: 6.499 Executing non-safepoint VM operation: HandshakeAllThreads (Deoptimize)
Event: 6.499 Executing non-safepoint VM operation: HandshakeAllThreads (Deoptimize) done
Event: 6.662 Executing non-safepoint VM operation: HandshakeAllThreads (Deoptimize)
Event: 6.662 Executing non-safepoint VM operation: HandshakeAllThreads (Deoptimize) done
Event: 6.881 Executing safepoint VM operation: ICBufferFull
Event: 6.881 Executing safepoint VM operation: ICBufferFull done
Event: 6.921 Executing safepoint VM operation: ParallelGCFailedAllocation (Allocation Failure)
Event: 6.926 Executing safepoint VM operation: ParallelGCFailedAllocation (Allocation Failure) done
Event: 6.974 Executing non-safepoint VM operation: HandshakeAllThreads (Deoptimize)
Event: 6.974 Executing non-safepoint VM operation: HandshakeAllThreads (Deoptimize) done
Event: 7.037 Executing non-safepoint VM operation: HandshakeAllThreads (Deoptimize)
Event: 7.037 Executing non-safepoint VM operation: HandshakeAllThreads (Deoptimize) done
Event: 8.044 Executing safepoint VM operation: Cleanup

Memory protections (0 events):
No events

Nmethod flushes (0 events):
No events

Events (20 events):
Event: 0.091 Thread 0x0000027a115ee220 Thread added: 0x0000027a116d8900
Event: 0.099 Thread 0x0000027a115d81e0 Thread added: 0x0000027a1171b090
Event: 0.121 Thread 0x00000279b8792b50 Thread added: 0x0000027a117f7b30
Event: 0.160 Thread 0x0000027a116b2d70 Thread added: 0x0000027a118d06d0
Event: 0.348 Thread 0x00000279b8792b50 Thread added: 0x0000027a1192e240
Event: 1.156 Thread 0x0000027a1171b090 Thread exited: 0x0000027a1171b090
Event: 1.640 Thread 0x00000279b8792b50 Thread added: 0x0000027a174d45e0
Event: 1.959 Thread 0x00000279b8792b50 Thread added: 0x0000027a1786c1b0
Event: 2.038 Thread 0x0000027a1786c1b0 Thread added: 0x0000027a1795b720
Event: 2.044 Thread 0x00000279b8792b50 Thread added: 0x0000027a1795c9b0
Event: 2.883 Thread 0x0000027a1795c9b0 Thread added: 0x0000027a17f3a4c0
Event: 4.619 Thread 0x0000027a118d06d0 Thread exited: 0x0000027a118d06d0
Event: 5.014 Thread 0x0000027a1795c9b0 Thread added: 0x0000027a17d216e0
Event: 5.315 Thread 0x0000027a115ee220 Thread added: 0x0000027a17f90f00
Event: 5.900 Thread 0x0000027a1795c9b0 Thread added: 0x0000027a17eb8f70
Event: 5.981 Thread 0x0000027a17f90f00 Thread added: 0x0000027a17dddb10
Event: 6.693 Thread 0x0000027a1795c9b0 Thread added: 0x0000027a11823930
Event: 6.795 Thread 0x0000027a1795c9b0 Thread added: 0x0000027a11824650
Event: 6.840 Thread 0x0000027a1795c9b0 Thread added: 0x0000027a118211d0
Event: 8.059 Thread 0x0000027a118211d0 Thread added: 0x0000027a11821ef0


Dynamic libraries:
0x00007ff6478c0000 - 0x00007ff6478ce000 	c:\Users\ASUS\.vscode\extensions\redhat.java-1.55.0-win32-x64\jre\21.0.11-win32-x86_64\bin\java.exe
0x00007ff880400000 - 0x00007ff880666000 	C:\WINDOWS\SYSTEM32\ntdll.dll
0x00007ff87ed90000 - 0x00007ff87ee59000 	C:\WINDOWS\System32\KERNEL32.DLL
0x00007ff87d720000 - 0x00007ff87db1a000 	C:\WINDOWS\System32\KERNELBASE.dll
0x00007ff87db20000 - 0x00007ff87dc6c000 	C:\WINDOWS\System32\ucrtbase.dll
0x00007ff843af0000 - 0x00007ff843b08000 	c:\Users\ASUS\.vscode\extensions\redhat.java-1.55.0-win32-x64\jre\21.0.11-win32-x86_64\bin\jli.dll
0x00007ff844dc0000 - 0x00007ff844dde000 	c:\Users\ASUS\.vscode\extensions\redhat.java-1.55.0-win32-x64\jre\21.0.11-win32-x86_64\bin\VCRUNTIME140.dll
0x00007ff87fe60000 - 0x00007ff880027000 	C:\WINDOWS\System32\USER32.dll
0x00007ff861990000 - 0x00007ff861c22000 	C:\WINDOWS\WinSxS\amd64_microsoft.windows.common-controls_6595b64144ccf1df_6.0.26100.8521_none_3e08b75ce33403b3\COMCTL32.dll
0x00007ff87d660000 - 0x00007ff87d687000 	C:\WINDOWS\System32\win32u.dll
0x00007ff87e1f0000 - 0x00007ff87e299000 	C:\WINDOWS\System32\msvcrt.dll
0x00007ff87ef80000 - 0x00007ff87efab000 	C:\WINDOWS\System32\GDI32.dll
0x00007ff87e010000 - 0x00007ff87e13b000 	C:\WINDOWS\System32\gdi32full.dll
0x00007ff87df60000 - 0x00007ff87e003000 	C:\WINDOWS\System32\msvcp_win.dll
0x00007ff8801d0000 - 0x00007ff880202000 	C:\WINDOWS\System32\IMM32.DLL
0x00007ff844ff0000 - 0x00007ff844ffc000 	c:\Users\ASUS\.vscode\extensions\redhat.java-1.55.0-win32-x64\jre\21.0.11-win32-x86_64\bin\vcruntime140_1.dll
0x00007ff81d610000 - 0x00007ff81d69d000 	c:\Users\ASUS\.vscode\extensions\redhat.java-1.55.0-win32-x64\jre\21.0.11-win32-x86_64\bin\msvcp140.dll
0x00007fff7d6f0000 - 0x00007fff7e492000 	c:\Users\ASUS\.vscode\extensions\redhat.java-1.55.0-win32-x64\jre\21.0.11-win32-x86_64\bin\server\jvm.dll
0x00007ff87e6f0000 - 0x00007ff87e7a6000 	C:\WINDOWS\System32\ADVAPI32.dll
0x00007ff87e140000 - 0x00007ff87e1ea000 	C:\WINDOWS\System32\sechost.dll
0x00007ff87ee60000 - 0x00007ff87ef78000 	C:\WINDOWS\System32\RPCRT4.dll
0x00007ff87fd70000 - 0x00007ff87fdf0000 	C:\WINDOWS\System32\WS2_32.dll
0x00007ff87d4c0000 - 0x00007ff87d51e000 	C:\WINDOWS\SYSTEM32\POWRPROF.dll
0x00007ff876090000 - 0x00007ff87609b000 	C:\WINDOWS\SYSTEM32\VERSION.dll
0x00007ff8705b0000 - 0x00007ff8705e6000 	C:\WINDOWS\SYSTEM32\WINMM.dll
0x00007ff87d4a0000 - 0x00007ff87d4b4000 	C:\WINDOWS\SYSTEM32\UMPDC.dll
0x00007ff87c3b0000 - 0x00007ff87c3cb000 	C:\WINDOWS\SYSTEM32\kernel.appcore.dll
0x00007ff8634d0000 - 0x00007ff8634da000 	c:\Users\ASUS\.vscode\extensions\redhat.java-1.55.0-win32-x64\jre\21.0.11-win32-x86_64\bin\jimage.dll
0x00007ff86ef40000 - 0x00007ff86f182000 	C:\WINDOWS\SYSTEM32\DBGHELP.DLL
0x00007ff87e330000 - 0x00007ff87e6b3000 	C:\WINDOWS\System32\combase.dll
0x00007ff87fbd0000 - 0x00007ff87fca9000 	C:\WINDOWS\System32\OLEAUT32.dll
0x00007ff860040000 - 0x00007ff86007b000 	C:\WINDOWS\SYSTEM32\dbgcore.DLL
0x00007ff87dc70000 - 0x00007ff87dd18000 	C:\WINDOWS\System32\bcryptPrimitives.dll
0x00007ff878880000 - 0x00007ff87888f000 	c:\Users\ASUS\.vscode\extensions\redhat.java-1.55.0-win32-x64\jre\21.0.11-win32-x86_64\bin\instrument.dll
0x00007ff8634b0000 - 0x00007ff8634d0000 	c:\Users\ASUS\.vscode\extensions\redhat.java-1.55.0-win32-x64\jre\21.0.11-win32-x86_64\bin\java.dll
0x00007ff87f440000 - 0x00007ff87fbc4000 	C:\WINDOWS\System32\SHELL32.dll
0x00007ff87b1d0000 - 0x00007ff87ba50000 	C:\WINDOWS\SYSTEM32\windows.storage.dll
0x00007ff880290000 - 0x00007ff880386000 	C:\WINDOWS\System32\SHCORE.dll
0x00007ff87ecd0000 - 0x00007ff87ed37000 	C:\WINDOWS\System32\shlwapi.dll
0x00007ff87d580000 - 0x00007ff87d5a9000 	C:\WINDOWS\SYSTEM32\profapi.dll
0x00007ff8244b0000 - 0x00007ff8244c8000 	c:\Users\ASUS\.vscode\extensions\redhat.java-1.55.0-win32-x64\jre\21.0.11-win32-x86_64\bin\zip.dll
0x00007ff844db0000 - 0x00007ff844dc0000 	C:\Users\ASUS\.vscode\extensions\redhat.java-1.55.0-win32-x64\jre\21.0.11-win32-x86_64\bin\net.dll
0x00007ff877c20000 - 0x00007ff877d49000 	C:\WINDOWS\SYSTEM32\WINHTTP.dll
0x00007ff87c900000 - 0x00007ff87c96c000 	C:\WINDOWS\system32\mswsock.dll
0x00007ff824490000 - 0x00007ff8244a6000 	C:\Users\ASUS\.vscode\extensions\redhat.java-1.55.0-win32-x64\jre\21.0.11-win32-x86_64\bin\nio.dll
0x00007ff843ae0000 - 0x00007ff843af0000 	c:\Users\ASUS\.vscode\extensions\redhat.java-1.55.0-win32-x64\jre\21.0.11-win32-x86_64\bin\verify.dll
0x00007ff8787e0000 - 0x00007ff878825000 	C:\Users\ASUS\AppData\Roaming\Code\User\globalStorage\redhat.java\1.55.0\config_win\org.eclipse.equinox.launcher\org.eclipse.equinox.launcher.win32.win32.x86_64_1.3.100.v20260613-0559\eclipse_11924.dll
0x00007ff880030000 - 0x00007ff8801c8000 	C:\WINDOWS\System32\ole32.dll
0x00007ff87cd00000 - 0x00007ff87cd1b000 	C:\WINDOWS\SYSTEM32\CRYPTSP.dll
0x00007ff87c310000 - 0x00007ff87c349000 	C:\WINDOWS\system32\rsaenh.dll
0x00007ff87c9b0000 - 0x00007ff87c9e3000 	C:\WINDOWS\SYSTEM32\USERENV.dll
0x00007ff87d550000 - 0x00007ff87d57a000 	C:\WINDOWS\SYSTEM32\bcrypt.dll
0x00007ff87cb60000 - 0x00007ff87cb6c000 	C:\WINDOWS\SYSTEM32\CRYPTBASE.dll
0x00007ff87bdd0000 - 0x00007ff87be03000 	C:\WINDOWS\SYSTEM32\IPHLPAPI.DLL
0x00007ff87fcc0000 - 0x00007ff87fcca000 	C:\WINDOWS\System32\NSI.dll
0x00007ff863e10000 - 0x00007ff863e59000 	C:\Users\ASUS\AppData\Local\Temp\jna-2018896\jna3057432995672672070.dll
0x00007ff87fd60000 - 0x00007ff87fd68000 	C:\WINDOWS\System32\PSAPI.DLL

JVMTI agents:
c:\Users\ASUS\.vscode\extensions\redhat.java-1.55.0-win32-x64\lombok\lombok-1.18.39-4050.jar path:c:\Users\ASUS\.vscode\extensions\redhat.java-1.55.0-win32-x64\jre\21.0.11-win32-x86_64\bin\instrument.dll, loaded, initialized, instrumentlib options:none

dbghelp: loaded successfully - version: 4.0.5 - missing functions: none
symbol engine: initialized successfully - sym options: 0x614 - pdb path: .;c:\Users\ASUS\.vscode\extensions\redhat.java-1.55.0-win32-x64\jre\21.0.11-win32-x86_64\bin;C:\WINDOWS\SYSTEM32;C:\WINDOWS\WinSxS\amd64_microsoft.windows.common-controls_6595b64144ccf1df_6.0.26100.8521_none_3e08b75ce33403b3;c:\Users\ASUS\.vscode\extensions\redhat.java-1.55.0-win32-x64\jre\21.0.11-win32-x86_64\bin\server;C:\Users\ASUS\AppData\Roaming\Code\User\globalStorage\redhat.java\1.55.0\config_win\org.eclipse.equinox.launcher\org.eclipse.equinox.launcher.win32.win32.x86_64_1.3.100.v20260613-0559;C:\Users\ASUS\AppData\Local\Temp\jna-2018896

VM Arguments:
jvm_args: --add-modules=ALL-SYSTEM --add-opens=java.base/java.util=ALL-UNNAMED --add-opens=java.base/java.lang=ALL-UNNAMED --add-opens=java.base/sun.nio.fs=ALL-UNNAMED -Declipse.application=org.eclipse.jdt.ls.core.id1 -Dosgi.bundles.defaultStartLevel=4 -Declipse.product=org.eclipse.jdt.ls.core.product -Djava.import.generatesMetadataFilesAtProjectRoot=false -DDetectVMInstallationsJob.disabled=true -Dfile.encoding=utf8 -XX:+UseParallelGC -XX:GCTimeRatio=4 -XX:AdaptiveSizePolicyWeight=90 -Dsun.zip.disableMemoryMapping=true -Xmx2G -Xms100m -Xlog:disable -javaagent:c:\Users\ASUS\.vscode\extensions\redhat.java-1.55.0-win32-x64\lombok\lombok-1.18.39-4050.jar -XX:+HeapDumpOnOutOfMemoryError -XX:HeapDumpPath=c:\Users\ASUS\AppData\Roaming\Code\User\workspaceStorage\2782a20f961c1a269689afb6e762247a\redhat.java -Daether.dependencyCollector.impl=bf 
java_command: c:\Users\ASUS\.vscode\extensions\redhat.java-1.55.0-win32-x64\server\plugins\org.eclipse.equinox.launcher_1.7.200.v20260619-2039.jar -configuration c:\Users\ASUS\AppData\Roaming\Code\User\globalStorage\redhat.java\1.55.0\config_win -data c:\Users\ASUS\AppData\Roaming\Code\User\workspaceStorage\2782a20f961c1a269689afb6e762247a\redhat.java\jdt_ws --pipe=\\.\pipe\lsp-4a1ec644c716697906968e735ffe22d4-sock
java_class_path (initial): c:\Users\ASUS\.vscode\extensions\redhat.java-1.55.0-win32-x64\server\plugins\org.eclipse.equinox.launcher_1.7.200.v20260619-2039.jar
Launcher Type: SUN_STANDARD

[Global flags]
    uintx AdaptiveSizePolicyWeight                 = 90                                        {product} {command line}
     intx CICompilerCount                          = 12                                        {product} {ergonomic}
    uintx GCTimeRatio                              = 4                                         {product} {command line}
     bool HeapDumpOnOutOfMemoryError               = true                                   {manageable} {command line}
    ccstr HeapDumpPath                             = c:\Users\ASUS\AppData\Roaming\Code\User\workspaceStorage\2782a20f961c1a269689afb6e762247a\redhat.java         {manageable} {command line}
   size_t InitialHeapSize                          = 104857600                                 {product} {command line}
   size_t MaxHeapSize                              = 2147483648                                {product} {command line}
   size_t MaxNewSize                               = 715653120                                 {product} {ergonomic}
   size_t MinHeapDeltaBytes                        = 524288                                    {product} {ergonomic}
   size_t MinHeapSize                              = 104857600                                 {product} {command line}
   size_t NewSize                                  = 34603008                                  {product} {ergonomic}
    uintx NonNMethodCodeHeapSize                   = 7602480                                {pd product} {ergonomic}
    uintx NonProfiledCodeHeapSize                  = 122027880                              {pd product} {ergonomic}
   size_t OldSize                                  = 70254592                                  {product} {ergonomic}
    uintx ProfiledCodeHeapSize                     = 122027880                              {pd product} {ergonomic}
    uintx ReservedCodeCacheSize                    = 251658240                              {pd product} {ergonomic}
     bool SegmentedCodeCache                       = true                                      {product} {ergonomic}
   size_t SoftMaxHeapSize                          = 2147483648                             {manageable} {ergonomic}
     bool UseCompressedOops                        = true                           {product lp64_product} {ergonomic}
     bool UseLargePagesIndividualAllocation        = false                                  {pd product} {ergonomic}
     bool UseParallelGC                            = true                                      {product} {command line}

Logging:
Log output configuration:
 #0: stdout all=off uptime,level,tags foldmultilines=false
 #1: stderr all=off uptime,level,tags foldmultilines=false

Release file:
JAVA_VERSION="21.0.11" 
MODULES="java.base java.compiler java.datatransfer java.xml java.prefs java.desktop java.instrument java.logging java.management java.security.sasl java.naming java.rmi java.management.rmi java.net.http java.scripting java.security.jgss java.transaction.xa java.sql java.sql.rowset java.xml.crypto java.se java.smartcardio jdk.accessibility jdk.internal.jvmstat jdk.attach jdk.charsets jdk.internal.opt jdk.zipfs jdk.compiler jdk.crypto.ec jdk.crypto.cryptoki jdk.crypto.mscapi jdk.dynalink jdk.internal.ed jdk.editpad jdk.hotspot.agent jdk.httpserver jdk.internal.le jdk.internal.vm.ci jdk.internal.vm.compiler jdk.internal.vm.compiler.management jdk.jartool jdk.javadoc jdk.jcmd jdk.management jdk.management.agent jdk.jconsole jdk.jdeps jdk.jdwp.agent jdk.jdi jdk.jfr jdk.jshell jdk.jsobject jdk.jstatd jdk.localedata jdk.management.jfr jdk.naming.dns jdk.naming.rmi jdk.net jdk.nio.mapmode jdk.random jdk.sctp jdk.security.auth jdk.security.jgss jdk.unsupported jdk.unsupported.desktop jdk.xml.dom" 

Environment Variables:
PATH=C:\Program Files\Alacritty\;C:\Program Files\Java\jdk-21.0.9+10\bin;C:\Program Files\Python313\Scripts\;C:\Program Files\Python313\;C:\Program Files (x86)\VMware\VMware Workstation\bin\;C:\WINDOWS\system32;C:\WINDOWS;C:\WINDOWS\System32\Wbem;C:\WINDOWS\System32\WindowsPowerShell\v1.0\;C:\WINDOWS\System32\OpenSSH\;C:\Program Files\NVIDIA Corporation\NVIDIA App\NvDLISR;C:\Program Files (x86)\NVIDIA Corporation\PhysX\Common;C:\Program Files\dotnet\;C:\php-8.4.7;C:\ProgramData\ComposerSetup\bin;C:\Program Files\nodejs\;C:\Program Files\Git\cmd;C:\Program Files\MongoDB\Server\8.2\bin;C:\Program Files\Java\jdk-25\;C:\ProgramData\chocolatey\bin;C:\Program Files\Microsoft SQL Server\150\Tools\Binn\;C:\Program Files\Microsoft SQL Server\Client SDK\ODBC\170\Tools\Binn\;C:\Program Files\Microsoft SQL Server\170\DTS\Binn\;C:\Users\ASUS\Downloads\flutter_windows_3.41.7-stable\flutter\bin;C:\flutter\bin;C:\flutter\bin\cache\dart-sdk;C:\Program Files\Docker\Docker\resources\bin;C:\Program Files\Java\jdk-21.0.9+10\bin;C:\Users\ASUS\AppData\Roaming\Code\User\globalStorage\pleiades.java-extension-pack-jdk\maven\latest\bin;C:\Program Files\PostgreSQL\18;C:\Users\ASUS\.cargo\bin;C:\Users\ASUS\AppData\Local\jcode\bin;c:\Users\ASUS\AppData\Local\Programs\cursor\resources\app\codeBin;C:\Program Files\Java\jdk-21.0.9+10\bin;C:\Users\ASUS\AppData\Local\Microsoft\WindowsApps;C:\Visaul Studio\Microsoft VS Code\bin;C:\Program Files\Azure Data Studio\bin;C:\Users\ASUS\AppData\Local\GitHubDesktop\bin;C:\Users\ASUS\AppData\Roaming\Composer\vendor\bin;C:\Users\ASUS\AppData\Roaming\npm;C:\Program Files\IntelliJ IDEA 2025.2.3\bin;C:\Program Files (x86)\Microsoft Visual Studio\Shared\NuGetPackages\microsoft.visualstudio.javascript.sdk;C:\Program Files\Java\jdk-25\;C:\Users\ASUS\.dotnet\tools;C:\Users\ASUS\AppData\Local\Microsoft\WinGet\Links;C:\Users\ASUS\AppData\Local\Programs\Antigravity\bin;C:\flutter\bin;C:\flutter\bin\cache\dart-sdk;%JAVA_HOME%bin;C:\Users\ASUS\Downloads\OpenJDK21U-jdk_x64_windows_hotspot_21.0.11_10 (2)\OpenJDK21U-jdk_x64_windows_hotspot_21.0.11_10\jdk-21.0.11+10\bin;C:\Program Files\Java\jdk-21.0.9+10\bin;C:\Users\ASUS\AppData\Local\Programs\Antigravity IDE\bin;C:\Users\ASUS\AppData\Roaming\Code\User\globalStorage\pleiades.java-extension-pack-jdk\maven\latest\bin;C:\Program Files\PostgreSQL\18;
USERNAME=ASUS
OS=Windows_NT
PROCESSOR_IDENTIFIER=AMD64 Family 25 Model 68 Stepping 1, AuthenticAMD
TMP=C:\Users\ASUS\AppData\Local\Temp
TEMP=C:\Users\ASUS\AppData\Local\Temp




Periodic native trim disabled

---------------  S Y S T E M  ---------------

OS:
 Windows 11 , 64 bit Build 26100 (10.0.26100.8521)
OS uptime: 0 days 0:34 hours
Hyper-V role detected

CPU: total 16 (initial active 16) (16 cores per cpu, 2 threads per core) family 25 model 68 stepping 1 microcode 0xa404107, cx8, cmov, fxsr, ht, mmx, 3dnowpref, sse, sse2, sse3, ssse3, sse4a, sse4.1, sse4.2, popcnt, lzcnt, tsc, tscinvbit, avx, avx2, aes, erms, clmul, bmi1, bmi2, adx, sha, fma, vzeroupper, clflush, clflushopt, hv, rdtscp, rdpid, fsrm, f16c, cet_ss
Processor Information for the first 16 processors :
  Max Mhz: 3100, Current Mhz: 3100, Mhz Limit: 3100

Memory: 4k page, system-wide physical 8010M (294M free)
TotalPageFile size 24394M (AvailPageFile size 5M)
current process WorkingSet (physical memory assigned to process): 149M, peak: 149M
current process commit charge ("private bytes"): 301M, peak: 302M

vm_info: OpenJDK 64-Bit Server VM (21.0.11+10-LTS) for windows-amd64 JRE (21.0.11+10-LTS), built on 2026-04-21T00:00:00Z by "admin" with MS VC++ 17.12 (VS2022)

END.
