#
# There is insufficient memory for the Java Runtime Environment to continue.
# Native memory allocation (malloc) failed to allocate 1375808 bytes. Error detail: Chunk::new
# Possible reasons:
#   The system is out of physical RAM or swap space
#   This process is running with CompressedOops enabled, and the Java Heap may be blocking the growth of the native heap
# Possible solutions:
#   Reduce memory load on the system
#   Increase physical memory or swap space
#   Check if swap backing store is full
#   Decrease Java heap size (-Xmx/-Xms)
#   Decrease number of Java threads
#   Decrease Java thread stack sizes (-Xss)
#   Set larger code cache with -XX:ReservedCodeCacheSize=
#   JVM is running with Unscaled Compressed Oops mode in which the Java heap is
#     placed in the first 4GB address space. The Java Heap base address is the
#     maximum limit for the native heap growth. Please use -XX:HeapBaseMinAddress
#     to set the Java Heap base and to place the Java Heap above 4GB virtual address.
# This output file may be truncated or incomplete.
#
#  Out of Memory Error (arena.cpp:168), pid=35952, tid=36308
#
# JRE version: OpenJDK Runtime Environment Temurin-21.0.11+10 (21.0.11+10) (build 21.0.11+10-LTS)
# Java VM: OpenJDK 64-Bit Server VM Temurin-21.0.11+10 (21.0.11+10-LTS, mixed mode, sharing, tiered, compressed oops, compressed class ptrs, parallel gc, windows-amd64)
# No core dump will be written. Minidumps are not enabled by default on client versions of Windows
#

---------------  S U M M A R Y ------------

Command Line: --add-modules=ALL-SYSTEM --add-opens=java.base/java.util=ALL-UNNAMED --add-opens=java.base/java.lang=ALL-UNNAMED --add-opens=java.base/sun.nio.fs=ALL-UNNAMED -Declipse.application=org.eclipse.jdt.ls.core.id1 -Dosgi.bundles.defaultStartLevel=4 -Declipse.product=org.eclipse.jdt.ls.core.product -Djava.import.generatesMetadataFilesAtProjectRoot=false -DDetectVMInstallationsJob.disabled=true -Dfile.encoding=utf8 -XX:+UseParallelGC -XX:GCTimeRatio=4 -XX:AdaptiveSizePolicyWeight=90 -Dsun.zip.disableMemoryMapping=true -Xmx2G -Xms100m -Xlog:disable -javaagent:c:\Users\ASUS\.vscode\extensions\redhat.java-1.55.0-win32-x64\lombok\lombok-1.18.39-4050.jar -XX:+HeapDumpOnOutOfMemoryError -XX:HeapDumpPath=c:\Users\ASUS\AppData\Roaming\Code\User\workspaceStorage\2782a20f961c1a269689afb6e762247a\redhat.java -Daether.dependencyCollector.impl=bf c:\Users\ASUS\.vscode\extensions\redhat.java-1.55.0-win32-x64\server\plugins\org.eclipse.equinox.launcher_1.7.200.v20260619-2039.jar -configuration c:\Users\ASUS\AppData\Roaming\Code\User\globalStorage\redhat.java\1.55.0\config_win -data c:\Users\ASUS\AppData\Roaming\Code\User\workspaceStorage\2782a20f961c1a269689afb6e762247a\redhat.java\jdt_ws --pipe=\\.\pipe\lsp-798ed35e8a950c16b75e766dd9073c89-sock

Host: AMD Ryzen 7 7435HS                             , 16 cores, 7G,  Windows 11 , 64 bit Build 26100 (10.0.26100.8521)
Time: Sun Jun 28 13:57:29 2026 SE Asia Standard Time elapsed time: 31.324618 seconds (0d 0h 0m 31s)

---------------  T H R E A D  ---------------

Current thread (0x0000024afcba0530):  JavaThread "C2 CompilerThread1" daemon [_thread_in_native, id=36308, stack(0x000000eaf8200000,0x000000eaf8300000) (1024K)]


Current CompileTask:
C2:31325 14696       4       org.eclipse.jdt.internal.core.builder.NameEnvironment::findClass (486 bytes)

Stack: [0x000000eaf8200000,0x000000eaf8300000]
Native frames: (J=compiled Java code, j=interpreted, Vv=VM code, C=native code)
V  [jvm.dll+0x6d7e19]
V  [jvm.dll+0x8b5096]
V  [jvm.dll+0x8b764e]
V  [jvm.dll+0x8b7d33]
V  [jvm.dll+0x284596]
V  [jvm.dll+0xc685d]
V  [jvm.dll+0xc6da1]
V  [jvm.dll+0x3bed6b]
V  [jvm.dll+0x1e4149]
V  [jvm.dll+0x24c853]
V  [jvm.dll+0x24bce0]
V  [jvm.dll+0x1cb4ae]
V  [jvm.dll+0x25baad]
V  [jvm.dll+0x25a03a]
V  [jvm.dll+0x3f868e]
V  [jvm.dll+0x85fb0d]
V  [jvm.dll+0x6d664d]
C  [ucrtbase.dll+0x2cd30]
C  [KERNEL32.DLL+0x2e957]
C  [ntdll.dll+0x87c1c]


---------------  P R O C E S S  ---------------

Threads class SMR info:
_java_thread_list=0x0000024aff1f4730, length=111, elements={
0x0000024ae29211c0, 0x0000024ae29c53e0, 0x0000024af93ce020, 0x0000024ae29caf30,
0x0000024ae29cdd20, 0x0000024ae29d7630, 0x0000024afa7a69e0, 0x0000024afa7aaeb0,
0x0000024afa7ae100, 0x0000024afa8abe50, 0x0000024afa7a4fa0, 0x0000024afa7a7d90,
0x0000024afa7a6350, 0x0000024afa7a5cc0, 0x0000024afa7a7700, 0x0000024afa7a7070,
0x0000024afa7a8420, 0x0000024afa7a5630, 0x0000024afd26d630, 0x0000024afd26f700,
0x0000024afd26e9e0, 0x0000024afd26dcc0, 0x0000024afd26e350, 0x0000024afcba0530,
0x0000024afd270ab0, 0x0000024afd271e60, 0x0000024afd273210, 0x0000024afd2717d0,
0x0000024afd26fd90, 0x0000024afd274c50, 0x0000024afd2738a0, 0x0000024afd2724f0,
0x0000024afd273f30, 0x0000024afd2745c0, 0x0000024aff052250, 0x0000024aff04edd0,
0x0000024aff04faf0, 0x0000024aff050180, 0x0000024aff050810, 0x0000024aff051530,
0x0000024aff0528e0, 0x0000024aff050ea0, 0x0000024aff04f460, 0x0000024aff051bc0,
0x0000024aff054320, 0x0000024aff0556d0, 0x0000024aff055d60, 0x0000024aff0563f0,
0x0000024aff052f70, 0x0000024aff0549b0, 0x0000024aff055040, 0x0000024aff053600,
0x0000024aff053c90, 0x0000024afee77f90, 0x0000024afee7b410, 0x0000024afee799d0,
0x0000024afee7a060, 0x0000024afee7baa0, 0x0000024afee78620, 0x0000024afee79340,
0x0000024afee7c130, 0x0000024afee78cb0, 0x0000024afee7d4e0, 0x0000024afee7c7c0,
0x0000024afee7ce50, 0x0000024afee7ad80, 0x0000024afee7a6f0, 0x0000024afee7e200,
0x0000024afee7e890, 0x0000024afee7ef20, 0x0000024afee7f5b0, 0x0000024acda79b80,
0x0000024acda7af30, 0x0000024acda7b5c0, 0x0000024acda7bc50, 0x0000024acda794f0,
0x0000024acda7a8a0, 0x0000024acda7a210, 0x0000024acda7dd20, 0x0000024acda7d000,
0x0000024acda7f0d0, 0x0000024acda7e3b0, 0x0000024acda7f760, 0x0000024acda7fdf0,
0x0000024acda7c970, 0x0000024acda80b10, 0x0000024acda7d690, 0x0000024acda7ea40,
0x0000024afccf3c10, 0x0000024afccf4fc0, 0x0000024afccf5650, 0x0000024afccf3580,
0x0000024afccf21d0, 0x0000024afccf2860, 0x0000024afccf7db0, 0x0000024afccf7090,
0x0000024afccf7720, 0x0000024afccf4930, 0x0000024afccf8440, 0x0000024afccf8ad0,
0x0000024afccf9160, 0x0000024afd26f070, 0x0000024acef4e9c0, 0x0000024acef517b0,
0x0000024acef4e330, 0x0000024acef51e40, 0x0000024acef524d0, 0x0000024acef50a90,
0x0000024acef4f050, 0x0000024acef50400, 0x0000024acef51120
}

Java Threads: ( => current thread )
  0x0000024ae29211c0 JavaThread "main"                              [_thread_blocked, id=23676, stack(0x000000eaf5b00000,0x000000eaf5c00000) (1024K)]
  0x0000024ae29c53e0 JavaThread "Reference Handler"          daemon [_thread_blocked, id=9116, stack(0x000000eaf5f00000,0x000000eaf6000000) (1024K)]
  0x0000024af93ce020 JavaThread "Finalizer"                  daemon [_thread_blocked, id=4136, stack(0x000000eaf6000000,0x000000eaf6100000) (1024K)]
  0x0000024ae29caf30 JavaThread "Signal Dispatcher"          daemon [_thread_blocked, id=20668, stack(0x000000eaf6100000,0x000000eaf6200000) (1024K)]
  0x0000024ae29cdd20 JavaThread "Attach Listener"            daemon [_thread_blocked, id=8248, stack(0x000000eaf6200000,0x000000eaf6300000) (1024K)]
  0x0000024ae29d7630 JavaThread "Service Thread"             daemon [_thread_blocked, id=4512, stack(0x000000eaf6300000,0x000000eaf6400000) (1024K)]
  0x0000024afa7a69e0 JavaThread "Monitor Deflation Thread"   daemon [_thread_blocked, id=2568, stack(0x000000eaf6400000,0x000000eaf6500000) (1024K)]
  0x0000024afa7aaeb0 JavaThread "C2 CompilerThread0"         daemon [_thread_blocked, id=38060, stack(0x000000eaf6500000,0x000000eaf6600000) (1024K)]
  0x0000024afa7ae100 JavaThread "C1 CompilerThread0"         daemon [_thread_blocked, id=24172, stack(0x000000eaf6600000,0x000000eaf6700000) (1024K)]
  0x0000024afa8abe50 JavaThread "C1 CompilerThread1"         daemon [_thread_blocked, id=36920, stack(0x000000eaf6700000,0x000000eaf6800000) (1024K)]
  0x0000024afa7a4fa0 JavaThread "Common-Cleaner"             daemon [_thread_blocked, id=14676, stack(0x000000eaf6a00000,0x000000eaf6b00000) (1024K)]
  0x0000024afa7a7d90 JavaThread "Notification Thread"        daemon [_thread_blocked, id=32416, stack(0x000000eaf6c00000,0x000000eaf6d00000) (1024K)]
  0x0000024afa7a6350 JavaThread "Active Thread: Equinox Container: 196a1334-5dd9-48dd-9a0d-d234803edb23"        [_thread_blocked, id=32524, stack(0x000000eaf7400000,0x000000eaf7500000) (1024K)]
  0x0000024afa7a5cc0 JavaThread "Refresh Thread: Equinox Container: 196a1334-5dd9-48dd-9a0d-d234803edb23" daemon [_thread_blocked, id=17472, stack(0x000000eaf7600000,0x000000eaf7700000) (1024K)]
  0x0000024afa7a7700 JavaThread "Framework Event Dispatcher: Equinox Container: 196a1334-5dd9-48dd-9a0d-d234803edb23" daemon [_thread_blocked, id=432, stack(0x000000eaf7700000,0x000000eaf7800000) (1024K)]
  0x0000024afa7a7070 JavaThread "Start Level: Equinox Container: 196a1334-5dd9-48dd-9a0d-d234803edb23" daemon [_thread_blocked, id=13432, stack(0x000000eaf7800000,0x000000eaf7900000) (1024K)]
  0x0000024afa7a8420 JavaThread "Bundle File Closer"         daemon [_thread_blocked, id=1864, stack(0x000000eaf7c00000,0x000000eaf7d00000) (1024K)]
  0x0000024afa7a5630 JavaThread "SCR Component Actor"        daemon [_thread_blocked, id=18476, stack(0x000000eaf6800000,0x000000eaf6900000) (1024K)]
  0x0000024afd26d630 JavaThread "Worker-JM"                         [_thread_blocked, id=35220, stack(0x000000eaf6900000,0x000000eaf6a00000) (1024K)]
  0x0000024afd26f700 JavaThread "JNA Cleaner"                daemon [_thread_blocked, id=22308, stack(0x000000eaf7d00000,0x000000eaf7e00000) (1024K)]
  0x0000024afd26e9e0 JavaThread "Worker-0"                          [_thread_blocked, id=36512, stack(0x000000eaf7e00000,0x000000eaf7f00000) (1024K)]
  0x0000024afd26dcc0 JavaThread "Worker-1"                          [_thread_blocked, id=5464, stack(0x000000eaf7f00000,0x000000eaf8000000) (1024K)]
  0x0000024afd26e350 JavaThread "Worker-2"                          [_thread_blocked, id=31812, stack(0x000000eaf8100000,0x000000eaf8200000) (1024K)]
=>0x0000024afcba0530 JavaThread "C2 CompilerThread1"         daemon [_thread_in_native, id=36308, stack(0x000000eaf8200000,0x000000eaf8300000) (1024K)]
  0x0000024afd270ab0 JavaThread "Java indexing"              daemon [_thread_blocked, id=17596, stack(0x000000eaf8400000,0x000000eaf8500000) (1024K)]
  0x0000024afd271e60 JavaThread "Worker-3"                          [_thread_blocked, id=16148, stack(0x000000eaf8500000,0x000000eaf8600000) (1024K)]
  0x0000024afd273210 JavaThread "Worker-4: Building"                [_thread_blocked, id=36184, stack(0x000000eaf8600000,0x000000eaf8700000) (1024K)]
  0x0000024afd2717d0 JavaThread "Worker-5"                          [_thread_blocked, id=23480, stack(0x000000eaf8a00000,0x000000eaf8b00000) (1024K)]
  0x0000024afd26fd90 JavaThread "Thread-1"                   daemon [_thread_in_native, id=3316, stack(0x000000eaf8b00000,0x000000eaf8c00000) (1024K)]
  0x0000024afd274c50 JavaThread "Thread-2"                   daemon [_thread_in_native, id=31132, stack(0x000000eaf8c00000,0x000000eaf8d00000) (1024K)]
  0x0000024afd2738a0 JavaThread "Thread-3"                   daemon [_thread_in_native, id=35884, stack(0x000000eaf8d00000,0x000000eaf8e00000) (1024K)]
  0x0000024afd2724f0 JavaThread "Thread-4"                   daemon [_thread_in_native, id=10052, stack(0x000000eaf8e00000,0x000000eaf8f00000) (1024K)]
  0x0000024afd273f30 JavaThread "Thread-5"                   daemon [_thread_in_native, id=6132, stack(0x000000eaf8f00000,0x000000eaf9000000) (1024K)]
  0x0000024afd2745c0 JavaThread "Thread-6"                   daemon [_thread_in_native, id=3104, stack(0x000000eaf9000000,0x000000eaf9100000) (1024K)]
  0x0000024aff052250 JavaThread "Thread-7"                   daemon [_thread_in_native, id=31572, stack(0x000000eaf9100000,0x000000eaf9200000) (1024K)]
  0x0000024aff04edd0 JavaThread "Thread-8"                   daemon [_thread_in_native, id=33064, stack(0x000000eaf9200000,0x000000eaf9300000) (1024K)]
  0x0000024aff04faf0 JavaThread "Thread-9"                   daemon [_thread_in_native, id=13872, stack(0x000000eaf9300000,0x000000eaf9400000) (1024K)]
  0x0000024aff050180 JavaThread "Thread-10"                  daemon [_thread_in_native, id=35548, stack(0x000000eaf9400000,0x000000eaf9500000) (1024K)]
  0x0000024aff050810 JavaThread "Thread-11"                  daemon [_thread_in_native, id=20896, stack(0x000000eaf9500000,0x000000eaf9600000) (1024K)]
  0x0000024aff051530 JavaThread "Thread-12"                  daemon [_thread_in_native, id=38604, stack(0x000000eaf9600000,0x000000eaf9700000) (1024K)]
  0x0000024aff0528e0 JavaThread "Thread-13"                  daemon [_thread_in_native, id=33348, stack(0x000000eaf9700000,0x000000eaf9800000) (1024K)]
  0x0000024aff050ea0 JavaThread "Thread-14"                  daemon [_thread_in_native, id=10524, stack(0x000000eaf9800000,0x000000eaf9900000) (1024K)]
  0x0000024aff04f460 JavaThread "Thread-15"                  daemon [_thread_in_native, id=37500, stack(0x000000eaf9900000,0x000000eaf9a00000) (1024K)]
  0x0000024aff051bc0 JavaThread "Thread-16"                  daemon [_thread_in_native, id=248, stack(0x000000eaf9a00000,0x000000eaf9b00000) (1024K)]
  0x0000024aff054320 JavaThread "Thread-17"                  daemon [_thread_in_native, id=23324, stack(0x000000eaf9b00000,0x000000eaf9c00000) (1024K)]
  0x0000024aff0556d0 JavaThread "pool-2-thread-1"                   [_thread_blocked, id=28636, stack(0x000000eaf9c00000,0x000000eaf9d00000) (1024K)]
  0x0000024aff055d60 JavaThread "WorkspaceEventsHandler"            [_thread_blocked, id=17424, stack(0x000000eaf9d00000,0x000000eaf9e00000) (1024K)]
  0x0000024aff0563f0 JavaThread "pool-1-thread-1"                   [_thread_blocked, id=35640, stack(0x000000eaf9e00000,0x000000eaf9f00000) (1024K)]
  0x0000024aff052f70 JavaThread "PatternSearchJob-worker-1"  daemon [_thread_blocked, id=3088, stack(0x000000eaf9f00000,0x000000eafa000000) (1024K)]
  0x0000024aff0549b0 JavaThread "PatternSearchJob-worker-2"  daemon [_thread_blocked, id=11528, stack(0x000000eafa000000,0x000000eafa100000) (1024K)]
  0x0000024aff055040 JavaThread "PatternSearchJob-worker-3"  daemon [_thread_blocked, id=30868, stack(0x000000eafa100000,0x000000eafa200000) (1024K)]
  0x0000024aff053600 JavaThread "PatternSearchJob-worker-4"  daemon [_thread_blocked, id=35132, stack(0x000000eafa200000,0x000000eafa300000) (1024K)]
  0x0000024aff053c90 JavaThread "PatternSearchJob-worker-5"  daemon [_thread_blocked, id=38492, stack(0x000000eafa300000,0x000000eafa400000) (1024K)]
  0x0000024afee77f90 JavaThread "PatternSearchJob-worker-6"  daemon [_thread_blocked, id=35844, stack(0x000000eafa400000,0x000000eafa500000) (1024K)]
  0x0000024afee7b410 JavaThread "PatternSearchJob-worker-7"  daemon [_thread_blocked, id=35852, stack(0x000000eafa500000,0x000000eafa600000) (1024K)]
  0x0000024afee799d0 JavaThread "PatternSearchJob-worker-8"  daemon [_thread_blocked, id=35848, stack(0x000000eafa600000,0x000000eafa700000) (1024K)]
  0x0000024afee7a060 JavaThread "PatternSearchJob-worker-9"  daemon [_thread_blocked, id=15312, stack(0x000000eafa700000,0x000000eafa800000) (1024K)]
  0x0000024afee7baa0 JavaThread "PatternSearchJob-worker-10" daemon [_thread_blocked, id=31168, stack(0x000000eafa800000,0x000000eafa900000) (1024K)]
  0x0000024afee78620 JavaThread "PatternSearchJob-worker-13" daemon [_thread_blocked, id=35028, stack(0x000000eafa900000,0x000000eafaa00000) (1024K)]
  0x0000024afee79340 JavaThread "PatternSearchJob-worker-12" daemon [_thread_blocked, id=12372, stack(0x000000eafaa00000,0x000000eafab00000) (1024K)]
  0x0000024afee7c130 JavaThread "PatternSearchJob-worker-15" daemon [_thread_blocked, id=31488, stack(0x000000eafab00000,0x000000eafac00000) (1024K)]
  0x0000024afee78cb0 JavaThread "PatternSearchJob-worker-14" daemon [_thread_blocked, id=37420, stack(0x000000eafac00000,0x000000eafad00000) (1024K)]
  0x0000024afee7d4e0 JavaThread "PatternSearchJob-worker-11" daemon [_thread_blocked, id=33912, stack(0x000000eafad00000,0x000000eafae00000) (1024K)]
  0x0000024afee7c7c0 JavaThread "LocalFile Deleter"          daemon [_thread_blocked, id=38452, stack(0x000000eafae00000,0x000000eafaf00000) (1024K)]
  0x0000024afee7ce50 JavaThread "LocalFile Deleter"          daemon [_thread_blocked, id=9208, stack(0x000000eafaf00000,0x000000eafb000000) (1024K)]
  0x0000024afee7ad80 JavaThread "LocalFile Deleter"          daemon [_thread_blocked, id=18756, stack(0x000000eafb000000,0x000000eafb100000) (1024K)]
  0x0000024afee7a6f0 JavaThread "LocalFile Deleter"          daemon [_thread_blocked, id=16988, stack(0x000000eafb100000,0x000000eafb200000) (1024K)]
  0x0000024afee7e200 JavaThread "LocalFile Deleter"          daemon [_thread_blocked, id=34408, stack(0x000000eafb200000,0x000000eafb300000) (1024K)]
  0x0000024afee7e890 JavaThread "LocalFile Deleter"          daemon [_thread_blocked, id=23128, stack(0x000000eafb300000,0x000000eafb400000) (1024K)]
  0x0000024afee7ef20 JavaThread "LocalFile Deleter"          daemon [_thread_blocked, id=33824, stack(0x000000eafb400000,0x000000eafb500000) (1024K)]
  0x0000024afee7f5b0 JavaThread "LocalFile Deleter"          daemon [_thread_blocked, id=32636, stack(0x000000eafb500000,0x000000eafb600000) (1024K)]
  0x0000024acda79b80 JavaThread "LocalFile Deleter"          daemon [_thread_blocked, id=9964, stack(0x000000eafb600000,0x000000eafb700000) (1024K)]
  0x0000024acda7af30 JavaThread "LocalFile Deleter"          daemon [_thread_blocked, id=22264, stack(0x000000eafb700000,0x000000eafb800000) (1024K)]
  0x0000024acda7b5c0 JavaThread "LocalFile Deleter"          daemon [_thread_blocked, id=32448, stack(0x000000eafb800000,0x000000eafb900000) (1024K)]
  0x0000024acda7bc50 JavaThread "LocalFile Deleter"          daemon [_thread_blocked, id=10904, stack(0x000000eafb900000,0x000000eafba00000) (1024K)]
  0x0000024acda794f0 JavaThread "LocalFile Deleter"          daemon [_thread_blocked, id=15004, stack(0x000000eafba00000,0x000000eafbb00000) (1024K)]
  0x0000024acda7a8a0 JavaThread "LocalFile Deleter"          daemon [_thread_blocked, id=35376, stack(0x000000eafbb00000,0x000000eafbc00000) (1024K)]
  0x0000024acda7a210 JavaThread "Compiler Source File Reader" daemon [_thread_blocked, id=32276, stack(0x000000eafbc00000,0x000000eafbd00000) (1024K)]
  0x0000024acda7dd20 JavaThread "Compiler Source File Reader" daemon [_thread_blocked, id=5776, stack(0x000000eafbd00000,0x000000eafbe00000) (1024K)]
  0x0000024acda7d000 JavaThread "Compiler Source File Reader" daemon [_thread_blocked, id=33232, stack(0x000000eafbe00000,0x000000eafbf00000) (1024K)]
  0x0000024acda7f0d0 JavaThread "Compiler Source File Reader" daemon [_thread_blocked, id=4616, stack(0x000000eafbf00000,0x000000eafc000000) (1024K)]
  0x0000024acda7e3b0 JavaThread "Compiler Source File Reader" daemon [_thread_blocked, id=35856, stack(0x000000eafc000000,0x000000eafc100000) (1024K)]
  0x0000024acda7f760 JavaThread "Compiler Source File Reader" daemon [_thread_blocked, id=34176, stack(0x000000eafc100000,0x000000eafc200000) (1024K)]
  0x0000024acda7fdf0 JavaThread "Compiler Source File Reader" daemon [_thread_blocked, id=12716, stack(0x000000eafc200000,0x000000eafc300000) (1024K)]
  0x0000024acda7c970 JavaThread "Compiler Source File Reader" daemon [_thread_blocked, id=30548, stack(0x000000eafc300000,0x000000eafc400000) (1024K)]
  0x0000024acda80b10 JavaThread "Compiler Processing Task"   daemon [_thread_blocked, id=30524, stack(0x000000eafc400000,0x000000eafc500000) (1024K)]
  0x0000024acda7d690 JavaThread "Compiler Class File Writer" daemon [_thread_blocked, id=33336, stack(0x000000eafc500000,0x000000eafc600000) (1024K)]
  0x0000024acda7ea40 JavaThread "Compiler Class File Writer" daemon [_thread_blocked, id=35580, stack(0x000000eafc600000,0x000000eafc700000) (1024K)]
  0x0000024afccf3c10 JavaThread "Compiler Class File Writer" daemon [_thread_blocked, id=13412, stack(0x000000eafc700000,0x000000eafc800000) (1024K)]
  0x0000024afccf4fc0 JavaThread "Compiler Class File Writer" daemon [_thread_blocked, id=15972, stack(0x000000eafc800000,0x000000eafc900000) (1024K)]
  0x0000024afccf5650 JavaThread "Compiler Class File Writer" daemon [_thread_blocked, id=32064, stack(0x000000eafc900000,0x000000eafca00000) (1024K)]
  0x0000024afccf3580 JavaThread "Compiler Class File Writer" daemon [_thread_blocked, id=17116, stack(0x000000eafca00000,0x000000eafcb00000) (1024K)]
  0x0000024afccf21d0 JavaThread "Compiler Class File Writer" daemon [_thread_blocked, id=36544, stack(0x000000eafcb00000,0x000000eafcc00000) (1024K)]
  0x0000024afccf2860 JavaThread "Compiler Class File Writer" daemon [_thread_blocked, id=28632, stack(0x000000eafcc00000,0x000000eafcd00000) (1024K)]
  0x0000024afccf7db0 JavaThread "Compiler Source File Reader" daemon [_thread_blocked, id=2412, stack(0x000000eafcd00000,0x000000eafce00000) (1024K)]
  0x0000024afccf7090 JavaThread "Compiler Source File Reader" daemon [_thread_blocked, id=15468, stack(0x000000eafce00000,0x000000eafcf00000) (1024K)]
  0x0000024afccf7720 JavaThread "Compiler Source File Reader" daemon [_thread_blocked, id=20012, stack(0x000000eafcf00000,0x000000eafd000000) (1024K)]
  0x0000024afccf4930 JavaThread "Compiler Source File Reader" daemon [_thread_blocked, id=10496, stack(0x000000eafd000000,0x000000eafd100000) (1024K)]
  0x0000024afccf8440 JavaThread "Compiler Source File Reader" daemon [_thread_blocked, id=12632, stack(0x000000eafd100000,0x000000eafd200000) (1024K)]
  0x0000024afccf8ad0 JavaThread "Compiler Source File Reader" daemon [_thread_blocked, id=38248, stack(0x000000eafd200000,0x000000eafd300000) (1024K)]
  0x0000024afccf9160 JavaThread "Compiler Class File Writer" daemon [_thread_blocked, id=34012, stack(0x000000eafd300000,0x000000eafd400000) (1024K)]
  0x0000024afd26f070 JavaThread "Compiler Class File Writer" daemon [_thread_blocked, id=22008, stack(0x000000eafd400000,0x000000eafd500000) (1024K)]
  0x0000024acef4e9c0 JavaThread "Compiler Class File Writer" daemon [_thread_blocked, id=37160, stack(0x000000eafd500000,0x000000eafd600000) (1024K)]
  0x0000024acef517b0 JavaThread "Compiler Class File Writer" daemon [_thread_blocked, id=18148, stack(0x000000eafd600000,0x000000eafd700000) (1024K)]
  0x0000024acef4e330 JavaThread "Compiler Class File Writer" daemon [_thread_blocked, id=24872, stack(0x000000eafd700000,0x000000eafd800000) (1024K)]
  0x0000024acef51e40 JavaThread "Compiler Class File Writer" daemon [_thread_blocked, id=5780, stack(0x000000eafd800000,0x000000eafd900000) (1024K)]
  0x0000024acef524d0 JavaThread "ParallelDescriptorResolver-7-0" daemon [_thread_blocked, id=9668, stack(0x000000eaf8300000,0x000000eaf8400000) (1024K)]
  0x0000024acef50a90 JavaThread "ParallelDescriptorResolver-7-1" daemon [_thread_blocked, id=30352, stack(0x000000eafd900000,0x000000eafda00000) (1024K)]
  0x0000024acef4f050 JavaThread "ParallelDescriptorResolver-7-2" daemon [_thread_blocked, id=3272, stack(0x000000eafda00000,0x000000eafdb00000) (1024K)]
  0x0000024acef50400 JavaThread "ParallelDescriptorResolver-7-3" daemon [_thread_blocked, id=20440, stack(0x000000eafdb00000,0x000000eafdc00000) (1024K)]
  0x0000024acef51120 JavaThread "ParallelDescriptorResolver-7-4" daemon [_thread_blocked, id=10624, stack(0x000000eafdc00000,0x000000eafdd00000) (1024K)]
Total: 111

Other Threads:
  0x0000024af93b4070 VMThread "VM Thread"                           [id=3736, stack(0x000000eaf5e00000,0x000000eaf5f00000) (1024K)]
  0x0000024af92aca00 WatcherThread "VM Periodic Task Thread"        [id=36316, stack(0x000000eaf5d00000,0x000000eaf5e00000) (1024K)]
  0x0000024ae2940ab0 WorkerThread "GC Thread#0"                     [id=37132, stack(0x000000eaf5c00000,0x000000eaf5d00000) (1024K)]
  0x0000024afc848800 WorkerThread "GC Thread#1"                     [id=12940, stack(0x000000eaf6e00000,0x000000eaf6f00000) (1024K)]
  0x0000024afc2b0300 WorkerThread "GC Thread#2"                     [id=22080, stack(0x000000eaf6f00000,0x000000eaf7000000) (1024K)]
  0x0000024afc2b06b0 WorkerThread "GC Thread#3"                     [id=33248, stack(0x000000eaf7000000,0x000000eaf7100000) (1024K)]
  0x0000024afc2b0a60 WorkerThread "GC Thread#4"                     [id=38828, stack(0x000000eaf7100000,0x000000eaf7200000) (1024K)]
  0x0000024afc2b0e10 WorkerThread "GC Thread#5"                     [id=6884, stack(0x000000eaf7200000,0x000000eaf7300000) (1024K)]
  0x0000024afc2b11c0 WorkerThread "GC Thread#6"                     [id=18720, stack(0x000000eaf7300000,0x000000eaf7400000) (1024K)]
  0x0000024afc2aff50 WorkerThread "GC Thread#7"                     [id=32388, stack(0x000000eaf7500000,0x000000eaf7600000) (1024K)]
  0x0000024afcb032b0 WorkerThread "GC Thread#8"                     [id=14228, stack(0x000000eaf7900000,0x000000eaf7a00000) (1024K)]
  0x0000024afcb03660 WorkerThread "GC Thread#9"                     [id=20672, stack(0x000000eaf7a00000,0x000000eaf7b00000) (1024K)]
  0x0000024afcb053e0 WorkerThread "GC Thread#10"                    [id=36112, stack(0x000000eaf7b00000,0x000000eaf7c00000) (1024K)]
  0x0000024afcb048d0 WorkerThread "GC Thread#11"                    [id=36880, stack(0x000000eaf6b00000,0x000000eaf6c00000) (1024K)]
  0x0000024afcb03a10 WorkerThread "GC Thread#12"                    [id=34688, stack(0x000000eaf6d00000,0x000000eaf6e00000) (1024K)]
Total: 15

Threads with active compile tasks:
C2 CompilerThread0  31363 14934       4       org.apache.maven.model.interpolation.StringVisitorModelInterpolator$ModelVisitor::visit (231 bytes)
C2 CompilerThread1  31363 14696       4       org.eclipse.jdt.internal.core.builder.NameEnvironment::findClass (486 bytes)
Total: 2

VM state: at safepoint (normal execution)

VM Mutex/Monitor currently owned by a thread:  ([mutex/lock_event])
[0x00007fff7e3af570] Threads_lock - owner thread: 0x0000024af93b4070
[0x00007fff7e3af670] Heap_lock - owner thread: 0x0000024acef50a90

Heap address: 0x0000000080000000, size: 2048 MB, Compressed Oops mode: 32-bit

CDS archive(s) mapped at: [0x0000024a80000000-0x0000024a80ba0000-0x0000024a80ba0000), size 12189696, SharedBaseAddress: 0x0000024a80000000, ArchiveRelocationMode: 1.
Compressed class space mapped at: 0x0000024a81000000-0x0000024ac1000000, reserved size: 1073741824
Narrow klass base: 0x0000024a80000000, Narrow klass shift: 0, Narrow klass range: 0x100000000

GC Precious Log:
 CardTable entry size: 512
 CPUs: 16 total, 16 available
 Memory: 8010M
 Large Page Support: Disabled
 NUMA Support: Disabled
 Compressed Oops: Enabled (32-bit)
 Alignments: Space 512K, Generation 512K, Heap 2M
 Heap Min Capacity: 100M
 Heap Initial Capacity: 100M
 Heap Max Capacity: 2G
 Pre-touch: Disabled
 Parallel Workers: 13

Heap:
 PSYoungGen      total 4608K, used 1024K [0x00000000d5580000, 0x00000000d5b00000, 0x0000000100000000)
  eden space 3584K, 0% used [0x00000000d5580000,0x00000000d5580000,0x00000000d5900000)
  from space 1024K, 100% used [0x00000000d5900000,0x00000000d5a00000,0x00000000d5a00000)
  to   space 1024K, 0% used [0x00000000d5a00000,0x00000000d5a00000,0x00000000d5b00000)
 ParOldGen       total 219136K, used 219047K [0x0000000080000000, 0x000000008d600000, 0x00000000d5580000)
  object space 219136K, 99% used [0x0000000080000000,0x000000008d5e9ce0,0x000000008d600000)
 Metaspace       used 63642K, committed 65216K, reserved 1114112K
  class space    used 6519K, committed 7168K, reserved 1048576K

Card table byte_map: [0x0000024ae22c0000,0x0000024ae26d0000] _byte_map_base: 0x0000024ae1ec0000

Marking Bits: (ParMarkBitMap*) 0x00007fff7e3b4460
 Begin Bits: [0x0000024af4dd0000, 0x0000024af6dd0000)
 End Bits:   [0x0000024af6dd0000, 0x0000024af8dd0000)

Polling page: 0x0000024ae0af0000

Metaspace:

Usage:
  Non-class:     55.78 MB used.
      Class:      6.37 MB used.
       Both:     62.15 MB used.

Virtual space:
  Non-class space:       64.00 MB reserved,      56.69 MB ( 89%) committed,  1 nodes.
      Class space:        1.00 GB reserved,       7.00 MB ( <1%) committed,  1 nodes.
             Both:        1.06 GB reserved,      63.69 MB (  6%) committed. 

Chunk freelists:
   Non-Class:  7.19 MB
       Class:  8.97 MB
        Both:  16.16 MB

MaxMetaspaceSize: unlimited
CompressedClassSpaceSize: 1.00 GB
Initial GC threshold: 21.00 MB
Current GC threshold: 97.31 MB
CDS: on
 - commit_granule_bytes: 65536.
 - commit_granule_words: 8192.
 - virtual_space_node_default_size: 8388608.
 - enlarge_chunks_in_place: 1.
 - use_allocation_guard: 0.


Internal statistics:

num_allocs_failed_limit: 9.
num_arena_births: 1258.
num_arena_deaths: 14.
num_vsnodes_births: 2.
num_vsnodes_deaths: 0.
num_space_committed: 1019.
num_space_uncommitted: 0.
num_chunks_returned_to_freelist: 23.
num_chunks_taken_from_freelist: 4363.
num_chunk_merges: 11.
num_chunk_splits: 2610.
num_chunks_enlarged: 1388.
num_inconsistent_stats: 0.

CodeHeap 'non-profiled nmethods': size=119168Kb used=7800Kb max_used=7800Kb free=111367Kb
 bounds [0x0000024aed6c0000, 0x0000024aede60000, 0x0000024af4b20000]
CodeHeap 'profiled nmethods': size=119104Kb used=32337Kb max_used=32337Kb free=86767Kb
 bounds [0x0000024ae5b20000, 0x0000024ae7ac0000, 0x0000024aecf70000]
CodeHeap 'non-nmethods': size=7488Kb used=1980Kb max_used=3182Kb free=5507Kb
 bounds [0x0000024aecf70000, 0x0000024aed2f0000, 0x0000024aed6c0000]
CodeCache: size=245760Kb, used=42117Kb, max_used=43319Kb, free=203641Kb
 total_blobs=14764, nmethods=14040, adapters=628, full_count=0
Compilation: enabled, stopped_count=0, restarted_count=0

Compilation events (20 events):
Event: 30.116 Thread 0x0000024afa8abe50 nmethod 14925 0x0000024ae7aa8d90 code [0x0000024ae7aa8f60, 0x0000024ae7aa9260]
Event: 30.116 Thread 0x0000024afa8abe50 14928       3       org.apache.maven.model.merge.ModelMerger::mergeDependency_GroupId (41 bytes)
Event: 30.116 Thread 0x0000024afa7ae100 nmethod 14927 0x0000024ae7aa9410 code [0x0000024ae7aa96e0, 0x0000024ae7aaa698]
Event: 30.116 Thread 0x0000024afa7ae100 14929       3       org.apache.maven.model.merge.ModelMerger::mergeDependency_ArtifactId (41 bytes)
Event: 30.117 Thread 0x0000024afa8abe50 nmethod 14928 0x0000024ae7aaac10 code [0x0000024ae7aaade0, 0x0000024ae7aab0c0]
Event: 30.117 Thread 0x0000024afa8abe50 14926       3       org.apache.maven.model.merge.ModelMerger::mergeDependency_Scope (43 bytes)
Event: 30.119 Thread 0x0000024afa7ae100 nmethod 14929 0x0000024ae7aab210 code [0x0000024ae7aab3e0, 0x0000024ae7aab6c0]
Event: 30.119 Thread 0x0000024afa8abe50 nmethod 14926 0x0000024ae7aab810 code [0x0000024ae7aab9e0, 0x0000024ae7aabce0]
Event: 30.127 Thread 0x0000024afa8abe50 14931       3       org.eclipse.aether.DefaultRepositoryCache::put (31 bytes)
Event: 30.128 Thread 0x0000024afa8abe50 nmethod 14931 0x0000024ae7aabe90 code [0x0000024ae7aac060, 0x0000024ae7aac370]
Event: 30.148 Thread 0x0000024afa7ae100 14933       3       org.apache.maven.model.io.xpp3.MavenXpp3Reader::parseBuildBase (598 bytes)
Event: 30.154 Thread 0x0000024afa8abe50 14935       3       org.apache.maven.model.io.xpp3.MavenXpp3Reader::parseDependencyManagement (206 bytes)
Event: 30.155 Thread 0x0000024afa7ae100 nmethod 14933 0x0000024ae7aac490 code [0x0000024ae7aacc00, 0x0000024ae7ab0730]
Event: 30.158 Thread 0x0000024afa8abe50 nmethod 14935 0x0000024ae7ab1c10 code [0x0000024ae7ab1fa0, 0x0000024ae7ab3328]
Event: 30.180 Thread 0x0000024afa7ae100 14937       3       org.apache.maven.model.CiManagement::<init> (5 bytes)
Event: 30.180 Thread 0x0000024afa7ae100 nmethod 14937 0x0000024ae7ab3b10 code [0x0000024ae7ab3cc0, 0x0000024ae7ab3e28]
Event: 30.204 Thread 0x0000024afa7aaeb0 nmethod 14709 0x0000024aede5b010 code [0x0000024aede5b4a0, 0x0000024aede5d000]
Event: 30.204 Thread 0x0000024afa7aaeb0 14934       4       org.apache.maven.model.interpolation.StringVisitorModelInterpolator$ModelVisitor::visit (231 bytes)
Event: 30.220 Thread 0x0000024afa8abe50 14939       3       java.util.Collections$UnmodifiableMap::equals (24 bytes)
Event: 30.220 Thread 0x0000024afa8abe50 nmethod 14939 0x0000024ae7ab3f10 code [0x0000024ae7ab40c0, 0x0000024ae7ab4318]

GC Heap History (20 events):
Event: 30.136 GC heap after
{Heap after GC invocations=366 (full 3):
 PSYoungGen      total 4608K, used 640K [0x00000000d5580000, 0x00000000d5b80000, 0x0000000100000000)
  eden space 3584K, 0% used [0x00000000d5580000,0x00000000d5580000,0x00000000d5900000)
  from space 1024K, 62% used [0x00000000d5900000,0x00000000d59a0000,0x00000000d5a00000)
  to   space 1024K, 0% used [0x00000000d5a80000,0x00000000d5a80000,0x00000000d5b80000)
 ParOldGen       total 216064K, used 215598K [0x0000000080000000, 0x000000008d300000, 0x00000000d5580000)
  object space 216064K, 99% used [0x0000000080000000,0x000000008d28b9d8,0x000000008d300000)
 Metaspace       used 63642K, committed 65216K, reserved 1114112K
  class space    used 6519K, committed 7168K, reserved 1048576K
}
Event: 30.145 GC heap before
{Heap before GC invocations=367 (full 3):
 PSYoungGen      total 4608K, used 4224K [0x00000000d5580000, 0x00000000d5b80000, 0x0000000100000000)
  eden space 3584K, 100% used [0x00000000d5580000,0x00000000d5900000,0x00000000d5900000)
  from space 1024K, 62% used [0x00000000d5900000,0x00000000d59a0000,0x00000000d5a00000)
  to   space 1024K, 0% used [0x00000000d5a80000,0x00000000d5a80000,0x00000000d5b80000)
 ParOldGen       total 216064K, used 215598K [0x0000000080000000, 0x000000008d300000, 0x00000000d5580000)
  object space 216064K, 99% used [0x0000000080000000,0x000000008d28b9d8,0x000000008d300000)
 Metaspace       used 63642K, committed 65216K, reserved 1114112K
  class space    used 6519K, committed 7168K, reserved 1048576K
}
Event: 30.147 GC heap after
{Heap after GC invocations=367 (full 3):
 PSYoungGen      total 4608K, used 1008K [0x00000000d5580000, 0x00000000d5c00000, 0x0000000100000000)
  eden space 3584K, 0% used [0x00000000d5580000,0x00000000d5580000,0x00000000d5900000)
  from space 1024K, 98% used [0x00000000d5a80000,0x00000000d5b7c030,0x00000000d5b80000)
  to   space 1536K, 0% used [0x00000000d5900000,0x00000000d5900000,0x00000000d5a80000)
 ParOldGen       total 216064K, used 215910K [0x0000000080000000, 0x000000008d300000, 0x00000000d5580000)
  object space 216064K, 99% used [0x0000000080000000,0x000000008d2d99d8,0x000000008d300000)
 Metaspace       used 63642K, committed 65216K, reserved 1114112K
  class space    used 6519K, committed 7168K, reserved 1048576K
}
Event: 30.156 GC heap before
{Heap before GC invocations=368 (full 3):
 PSYoungGen      total 4608K, used 4592K [0x00000000d5580000, 0x00000000d5c00000, 0x0000000100000000)
  eden space 3584K, 99% used [0x00000000d5580000,0x00000000d58ffff8,0x00000000d5900000)
  from space 1024K, 98% used [0x00000000d5a80000,0x00000000d5b7c030,0x00000000d5b80000)
  to   space 1536K, 0% used [0x00000000d5900000,0x00000000d5900000,0x00000000d5a80000)
 ParOldGen       total 216064K, used 215910K [0x0000000080000000, 0x000000008d300000, 0x00000000d5580000)
  object space 216064K, 99% used [0x0000000080000000,0x000000008d2d99d8,0x000000008d300000)
 Metaspace       used 63642K, committed 65216K, reserved 1114112K
  class space    used 6519K, committed 7168K, reserved 1048576K
}
Event: 30.158 GC heap after
{Heap after GC invocations=368 (full 3):
 PSYoungGen      total 4608K, used 544K [0x00000000d5580000, 0x00000000d5b00000, 0x0000000100000000)
  eden space 3584K, 0% used [0x00000000d5580000,0x00000000d5580000,0x00000000d5900000)
  from space 1024K, 53% used [0x00000000d5900000,0x00000000d5988000,0x00000000d5a00000)
  to   space 1024K, 0% used [0x00000000d5a00000,0x00000000d5a00000,0x00000000d5b00000)
 ParOldGen       total 216576K, used 216390K [0x0000000080000000, 0x000000008d380000, 0x00000000d5580000)
  object space 216576K, 99% used [0x0000000080000000,0x000000008d3519d8,0x000000008d380000)
 Metaspace       used 63642K, committed 65216K, reserved 1114112K
  class space    used 6519K, committed 7168K, reserved 1048576K
}
Event: 30.166 GC heap before
{Heap before GC invocations=369 (full 3):
 PSYoungGen      total 4608K, used 4128K [0x00000000d5580000, 0x00000000d5b00000, 0x0000000100000000)
  eden space 3584K, 100% used [0x00000000d5580000,0x00000000d5900000,0x00000000d5900000)
  from space 1024K, 53% used [0x00000000d5900000,0x00000000d5988000,0x00000000d5a00000)
  to   space 1024K, 0% used [0x00000000d5a00000,0x00000000d5a00000,0x00000000d5b00000)
 ParOldGen       total 216576K, used 216390K [0x0000000080000000, 0x000000008d380000, 0x00000000d5580000)
  object space 216576K, 99% used [0x0000000080000000,0x000000008d3519d8,0x000000008d380000)
 Metaspace       used 63642K, committed 65216K, reserved 1114112K
  class space    used 6519K, committed 7168K, reserved 1048576K
}
Event: 30.168 GC heap after
{Heap after GC invocations=369 (full 3):
 PSYoungGen      total 4608K, used 640K [0x00000000d5580000, 0x00000000d5b00000, 0x0000000100000000)
  eden space 3584K, 0% used [0x00000000d5580000,0x00000000d5580000,0x00000000d5900000)
  from space 1024K, 62% used [0x00000000d5a00000,0x00000000d5aa0000,0x00000000d5b00000)
  to   space 1024K, 0% used [0x00000000d5900000,0x00000000d5900000,0x00000000d5a00000)
 ParOldGen       total 217088K, used 216693K [0x0000000080000000, 0x000000008d400000, 0x00000000d5580000)
  object space 217088K, 99% used [0x0000000080000000,0x000000008d39d470,0x000000008d400000)
 Metaspace       used 63642K, committed 65216K, reserved 1114112K
  class space    used 6519K, committed 7168K, reserved 1048576K
}
Event: 30.176 GC heap before
{Heap before GC invocations=370 (full 3):
 PSYoungGen      total 4608K, used 4224K [0x00000000d5580000, 0x00000000d5b00000, 0x0000000100000000)
  eden space 3584K, 100% used [0x00000000d5580000,0x00000000d5900000,0x00000000d5900000)
  from space 1024K, 62% used [0x00000000d5a00000,0x00000000d5aa0000,0x00000000d5b00000)
  to   space 1024K, 0% used [0x00000000d5900000,0x00000000d5900000,0x00000000d5a00000)
 ParOldGen       total 217088K, used 216693K [0x0000000080000000, 0x000000008d400000, 0x00000000d5580000)
  object space 217088K, 99% used [0x0000000080000000,0x000000008d39d470,0x000000008d400000)
 Metaspace       used 63642K, committed 65216K, reserved 1114112K
  class space    used 6519K, committed 7168K, reserved 1048576K
}
Event: 30.178 GC heap after
{Heap after GC invocations=370 (full 3):
 PSYoungGen      total 4608K, used 544K [0x00000000d5580000, 0x00000000d5b00000, 0x0000000100000000)
  eden space 3584K, 0% used [0x00000000d5580000,0x00000000d5580000,0x00000000d5900000)
  from space 1024K, 53% used [0x00000000d5900000,0x00000000d5988000,0x00000000d5a00000)
  to   space 1024K, 0% used [0x00000000d5a00000,0x00000000d5a00000,0x00000000d5b00000)
 ParOldGen       total 217088K, used 217013K [0x0000000080000000, 0x000000008d400000, 0x00000000d5580000)
  object space 217088K, 99% used [0x0000000080000000,0x000000008d3ed470,0x000000008d400000)
 Metaspace       used 63642K, committed 65216K, reserved 1114112K
  class space    used 6519K, committed 7168K, reserved 1048576K
}
Event: 30.186 GC heap before
{Heap before GC invocations=371 (full 3):
 PSYoungGen      total 4608K, used 4124K [0x00000000d5580000, 0x00000000d5b00000, 0x0000000100000000)
  eden space 3584K, 99% used [0x00000000d5580000,0x00000000d58ff1a0,0x00000000d5900000)
  from space 1024K, 53% used [0x00000000d5900000,0x00000000d5988000,0x00000000d5a00000)
  to   space 1024K, 0% used [0x00000000d5a00000,0x00000000d5a00000,0x00000000d5b00000)
 ParOldGen       total 217088K, used 217013K [0x0000000080000000, 0x000000008d400000, 0x00000000d5580000)
  object space 217088K, 99% used [0x0000000080000000,0x000000008d3ed470,0x000000008d400000)
 Metaspace       used 63642K, committed 65216K, reserved 1114112K
  class space    used 6519K, committed 7168K, reserved 1048576K
}
Event: 30.187 GC heap after
{Heap after GC invocations=371 (full 3):
 PSYoungGen      total 4096K, used 480K [0x00000000d5580000, 0x00000000d5a80000, 0x0000000100000000)
  eden space 3584K, 0% used [0x00000000d5580000,0x00000000d5580000,0x00000000d5900000)
  from space 512K, 93% used [0x00000000d5a00000,0x00000000d5a78000,0x00000000d5a80000)
  to   space 512K, 0% used [0x00000000d5980000,0x00000000d5980000,0x00000000d5a00000)
 ParOldGen       total 217600K, used 217245K [0x0000000080000000, 0x000000008d480000, 0x00000000d5580000)
  object space 217600K, 99% used [0x0000000080000000,0x000000008d427470,0x000000008d480000)
 Metaspace       used 63642K, committed 65216K, reserved 1114112K
  class space    used 6519K, committed 7168K, reserved 1048576K
}
Event: 30.199 GC heap before
{Heap before GC invocations=372 (full 3):
 PSYoungGen      total 4096K, used 4064K [0x00000000d5580000, 0x00000000d5a80000, 0x0000000100000000)
  eden space 3584K, 100% used [0x00000000d5580000,0x00000000d5900000,0x00000000d5900000)
  from space 512K, 93% used [0x00000000d5a00000,0x00000000d5a78000,0x00000000d5a80000)
  to   space 512K, 0% used [0x00000000d5980000,0x00000000d5980000,0x00000000d5a00000)
 ParOldGen       total 217600K, used 217245K [0x0000000080000000, 0x000000008d480000, 0x00000000d5580000)
  object space 217600K, 99% used [0x0000000080000000,0x000000008d427470,0x000000008d480000)
 Metaspace       used 63642K, committed 65216K, reserved 1114112K
  class space    used 6519K, committed 7168K, reserved 1048576K
}
Event: 30.200 GC heap after
{Heap after GC invocations=372 (full 3):
 PSYoungGen      total 4096K, used 352K [0x00000000d5580000, 0x00000000d5a80000, 0x0000000100000000)
  eden space 3584K, 0% used [0x00000000d5580000,0x00000000d5580000,0x00000000d5900000)
  from space 512K, 68% used [0x00000000d5980000,0x00000000d59d8000,0x00000000d5a00000)
  to   space 512K, 0% used [0x00000000d5a00000,0x00000000d5a00000,0x00000000d5a80000)
 ParOldGen       total 217600K, used 217573K [0x0000000080000000, 0x000000008d480000, 0x00000000d5580000)
  object space 217600K, 99% used [0x0000000080000000,0x000000008d479470,0x000000008d480000)
 Metaspace       used 63642K, committed 65216K, reserved 1114112K
  class space    used 6519K, committed 7168K, reserved 1048576K
}
Event: 30.211 GC heap before
{Heap before GC invocations=373 (full 3):
 PSYoungGen      total 4096K, used 3936K [0x00000000d5580000, 0x00000000d5a80000, 0x0000000100000000)
  eden space 3584K, 100% used [0x00000000d5580000,0x00000000d5900000,0x00000000d5900000)
  from space 512K, 68% used [0x00000000d5980000,0x00000000d59d8000,0x00000000d5a00000)
  to   space 512K, 0% used [0x00000000d5a00000,0x00000000d5a00000,0x00000000d5a80000)
 ParOldGen       total 217600K, used 217573K [0x0000000080000000, 0x000000008d480000, 0x00000000d5580000)
  object space 217600K, 99% used [0x0000000080000000,0x000000008d479470,0x000000008d480000)
 Metaspace       used 63642K, committed 65216K, reserved 1114112K
  class space    used 6519K, committed 7168K, reserved 1048576K
}
Event: 30.212 GC heap after
{Heap after GC invocations=373 (full 3):
 PSYoungGen      total 4096K, used 480K [0x00000000d5580000, 0x00000000d5a80000, 0x0000000100000000)
  eden space 3584K, 0% used [0x00000000d5580000,0x00000000d5580000,0x00000000d5900000)
  from space 512K, 93% used [0x00000000d5a00000,0x00000000d5a78000,0x00000000d5a80000)
  to   space 512K, 0% used [0x00000000d5980000,0x00000000d5980000,0x00000000d5a00000)
 ParOldGen       total 218112K, used 217781K [0x0000000080000000, 0x000000008d500000, 0x00000000d5580000)
  object space 218112K, 99% used [0x0000000080000000,0x000000008d4ad470,0x000000008d500000)
 Metaspace       used 63642K, committed 65216K, reserved 1114112K
  class space    used 6519K, committed 7168K, reserved 1048576K
}
Event: 30.220 GC heap before
{Heap before GC invocations=374 (full 3):
 PSYoungGen      total 4096K, used 4064K [0x00000000d5580000, 0x00000000d5a80000, 0x0000000100000000)
  eden space 3584K, 100% used [0x00000000d5580000,0x00000000d5900000,0x00000000d5900000)
  from space 512K, 93% used [0x00000000d5a00000,0x00000000d5a78000,0x00000000d5a80000)
  to   space 512K, 0% used [0x00000000d5980000,0x00000000d5980000,0x00000000d5a00000)
 ParOldGen       total 218112K, used 217781K [0x0000000080000000, 0x000000008d500000, 0x00000000d5580000)
  object space 218112K, 99% used [0x0000000080000000,0x000000008d4ad470,0x000000008d500000)
 Metaspace       used 63642K, committed 65216K, reserved 1114112K
  class space    used 6519K, committed 7168K, reserved 1048576K
}
Event: 30.222 GC heap after
{Heap after GC invocations=374 (full 3):
 PSYoungGen      total 4096K, used 512K [0x00000000d5580000, 0x00000000d5b00000, 0x0000000100000000)
  eden space 3584K, 0% used [0x00000000d5580000,0x00000000d5580000,0x00000000d5900000)
  from space 512K, 100% used [0x00000000d5980000,0x00000000d5a00000,0x00000000d5a00000)
  to   space 1024K, 0% used [0x00000000d5a00000,0x00000000d5a00000,0x00000000d5b00000)
 ParOldGen       total 218624K, used 218181K [0x0000000080000000, 0x000000008d580000, 0x00000000d5580000)
  object space 218624K, 99% used [0x0000000080000000,0x000000008d511470,0x000000008d580000)
 Metaspace       used 63642K, committed 65216K, reserved 1114112K
  class space    used 6519K, committed 7168K, reserved 1048576K
}
Event: 30.226 GC heap before
{Heap before GC invocations=375 (full 3):
 PSYoungGen      total 4096K, used 4096K [0x00000000d5580000, 0x00000000d5b00000, 0x0000000100000000)
  eden space 3584K, 100% used [0x00000000d5580000,0x00000000d5900000,0x00000000d5900000)
  from space 512K, 100% used [0x00000000d5980000,0x00000000d5a00000,0x00000000d5a00000)
  to   space 1024K, 0% used [0x00000000d5a00000,0x00000000d5a00000,0x00000000d5b00000)
 ParOldGen       total 218624K, used 218181K [0x0000000080000000, 0x000000008d580000, 0x00000000d5580000)
  object space 218624K, 99% used [0x0000000080000000,0x000000008d511470,0x000000008d580000)
 Metaspace       used 63642K, committed 65216K, reserved 1114112K
  class space    used 6519K, committed 7168K, reserved 1048576K
}
Event: 30.227 GC heap after
{Heap after GC invocations=375 (full 3):
 PSYoungGen      total 4608K, used 608K [0x00000000d5580000, 0x00000000d5b00000, 0x0000000100000000)
  eden space 3584K, 0% used [0x00000000d5580000,0x00000000d5580000,0x00000000d5900000)
  from space 1024K, 59% used [0x00000000d5a00000,0x00000000d5a98000,0x00000000d5b00000)
  to   space 1024K, 0% used [0x00000000d5900000,0x00000000d5900000,0x00000000d5a00000)
 ParOldGen       total 219136K, used 218635K [0x0000000080000000, 0x000000008d600000, 0x00000000d5580000)
  object space 219136K, 99% used [0x0000000080000000,0x000000008d582cd0,0x000000008d600000)
 Metaspace       used 63642K, committed 65216K, reserved 1114112K
  class space    used 6519K, committed 7168K, reserved 1048576K
}
Event: 30.232 GC heap before
{Heap before GC invocations=376 (full 3):
 PSYoungGen      total 4608K, used 4192K [0x00000000d5580000, 0x00000000d5b00000, 0x0000000100000000)
  eden space 3584K, 100% used [0x00000000d5580000,0x00000000d5900000,0x00000000d5900000)
  from space 1024K, 59% used [0x00000000d5a00000,0x00000000d5a98000,0x00000000d5b00000)
  to   space 1024K, 0% used [0x00000000d5900000,0x00000000d5900000,0x00000000d5a00000)
 ParOldGen       total 219136K, used 218635K [0x0000000080000000, 0x000000008d600000, 0x00000000d5580000)
  object space 219136K, 99% used [0x0000000080000000,0x000000008d582cd0,0x000000008d600000)
 Metaspace       used 63642K, committed 65216K, reserved 1114112K
  class space    used 6519K, committed 7168K, reserved 1048576K
}

Dll operation events (10 events):
Event: 0.018 Loaded shared library c:\Users\ASUS\.vscode\extensions\redhat.java-1.55.0-win32-x64\jre\21.0.11-win32-x86_64\bin\java.dll
Event: 0.114 Loaded shared library c:\Users\ASUS\.vscode\extensions\redhat.java-1.55.0-win32-x64\jre\21.0.11-win32-x86_64\bin\zip.dll
Event: 0.147 Loaded shared library C:\Users\ASUS\.vscode\extensions\redhat.java-1.55.0-win32-x64\jre\21.0.11-win32-x86_64\bin\instrument.dll
Event: 0.156 Loaded shared library C:\Users\ASUS\.vscode\extensions\redhat.java-1.55.0-win32-x64\jre\21.0.11-win32-x86_64\bin\net.dll
Event: 0.159 Loaded shared library C:\Users\ASUS\.vscode\extensions\redhat.java-1.55.0-win32-x64\jre\21.0.11-win32-x86_64\bin\nio.dll
Event: 0.164 Loaded shared library C:\Users\ASUS\.vscode\extensions\redhat.java-1.55.0-win32-x64\jre\21.0.11-win32-x86_64\bin\zip.dll
Event: 0.196 Loaded shared library C:\Users\ASUS\.vscode\extensions\redhat.java-1.55.0-win32-x64\jre\21.0.11-win32-x86_64\bin\jimage.dll
Event: 0.339 Loaded shared library c:\Users\ASUS\.vscode\extensions\redhat.java-1.55.0-win32-x64\jre\21.0.11-win32-x86_64\bin\verify.dll
Event: 1.887 Loaded shared library C:\Users\ASUS\AppData\Roaming\Code\User\globalStorage\redhat.java\1.55.0\config_win\org.eclipse.equinox.launcher\org.eclipse.equinox.launcher.win32.win32.x86_64_1.3.100.v20260613-0559\eclipse_11924.dll
Event: 5.898 Loaded shared library C:\Users\ASUS\AppData\Local\Temp\jna-2018896\jna14487629119186773095.dll

Deoptimization events (20 events):
Event: 27.038 Thread 0x0000024afd273210 DEOPT PACKING pc=0x0000024ae739e752 sp=0x000000eaf86fd600
Event: 27.039 Thread 0x0000024afd273210 DEOPT UNPACKING pc=0x0000024aecfc4242 sp=0x000000eaf86fca90 mode 0
Event: 27.269 Thread 0x0000024afd273210 Uncommon trap: trap_request=0xffffff45 fr.pc=0x0000024aedb8c9f8 relative=0x0000000000000298
Event: 27.269 Thread 0x0000024afd273210 Uncommon trap: reason=unstable_if action=reinterpret pc=0x0000024aedb8c9f8 method=java.lang.ThreadLocal$ThreadLocalMap.set(Ljava/lang/ThreadLocal;Ljava/lang/Object;)V @ 53 c2
Event: 27.270 Thread 0x0000024afd273210 DEOPT PACKING pc=0x0000024aedb8c9f8 sp=0x000000eaf86fe300
Event: 27.270 Thread 0x0000024afd273210 DEOPT UNPACKING pc=0x0000024aecfc3aa2 sp=0x000000eaf86fe288 mode 2
Event: 27.599 Thread 0x0000024afd273210 DEOPT PACKING pc=0x0000024ae79880da sp=0x000000eaf86fd160
Event: 27.599 Thread 0x0000024afd273210 DEOPT UNPACKING pc=0x0000024aecfc4242 sp=0x000000eaf86fc5f0 mode 0
Event: 27.600 Thread 0x0000024afd273210 DEOPT PACKING pc=0x0000024ae79880da sp=0x000000eaf86fd160
Event: 27.600 Thread 0x0000024afd273210 DEOPT UNPACKING pc=0x0000024aecfc4242 sp=0x000000eaf86fc5f0 mode 0
Event: 27.600 Thread 0x0000024afd273210 DEOPT PACKING pc=0x0000024ae79880da sp=0x000000eaf86fd160
Event: 27.600 Thread 0x0000024afd273210 DEOPT UNPACKING pc=0x0000024aecfc4242 sp=0x000000eaf86fc5f0 mode 0
Event: 27.601 Thread 0x0000024afd273210 DEOPT PACKING pc=0x0000024ae79880da sp=0x000000eaf86fd160
Event: 27.601 Thread 0x0000024afd273210 DEOPT UNPACKING pc=0x0000024aecfc4242 sp=0x000000eaf86fc5f0 mode 0
Event: 27.634 Thread 0x0000024afd273210 DEOPT PACKING pc=0x0000024ae79880da sp=0x000000eaf86fc860
Event: 27.634 Thread 0x0000024afd273210 DEOPT UNPACKING pc=0x0000024aecfc4242 sp=0x000000eaf86fbcf0 mode 0
Event: 27.635 Thread 0x0000024afd273210 DEOPT PACKING pc=0x0000024ae79880da sp=0x000000eaf86fc860
Event: 27.635 Thread 0x0000024afd273210 DEOPT UNPACKING pc=0x0000024aecfc4242 sp=0x000000eaf86fbcf0 mode 0
Event: 30.154 Thread 0x0000024acef50400 DEOPT PACKING pc=0x0000024ae7246194 sp=0x000000eafdbfd460
Event: 30.154 Thread 0x0000024acef50400 DEOPT UNPACKING pc=0x0000024aecfc4242 sp=0x000000eafdbfc968 mode 0

Classes loaded (20 events):
Event: 14.608 Loading class java/util/stream/ReferencePipeline$4$1
Event: 14.608 Loading class java/util/stream/ReferencePipeline$4$1 done
Event: 17.067 Loading class sun/nio/cs/ISO_8859_1$Decoder
Event: 17.068 Loading class sun/nio/cs/ISO_8859_1$Decoder done
Event: 17.294 Loading class java/util/Collections$2
Event: 17.295 Loading class java/util/Collections$2 done
Event: 17.690 Loading class java/io/CharArrayWriter
Event: 17.690 Loading class java/io/CharArrayWriter done
Event: 17.700 Loading class java/nio/file/attribute/PosixFileAttributes
Event: 17.701 Loading class java/nio/file/attribute/PosixFileAttributes done
Event: 20.278 Loading class jdk/internal/module/IllegalAccessLogger
Event: 20.278 Loading class jdk/internal/module/IllegalAccessLogger done
Event: 23.162 Loading class java/lang/invoke/MethodHandleImpl$CountingWrapper$1
Event: 23.162 Loading class java/lang/invoke/MethodHandleImpl$CountingWrapper$1 done
Event: 23.180 Loading class sun/nio/fs/WindowsFileCopy
Event: 23.181 Loading class sun/nio/fs/WindowsFileCopy done
Event: 23.724 Loading class jdk/internal/module/IllegalAccessLogger
Event: 23.724 Loading class jdk/internal/module/IllegalAccessLogger done
Event: 27.977 Loading class jdk/internal/module/IllegalAccessLogger
Event: 27.977 Loading class jdk/internal/module/IllegalAccessLogger done

Classes unloaded (7 events):
Event: 6.683 Thread 0x0000024af93b4070 Unloading class 0x0000024a811a9000 'java/lang/invoke/LambdaForm$MH+0x0000024a811a9000'
Event: 6.683 Thread 0x0000024af93b4070 Unloading class 0x0000024a811a8c00 'java/lang/invoke/LambdaForm$MH+0x0000024a811a8c00'
Event: 6.683 Thread 0x0000024af93b4070 Unloading class 0x0000024a811a8800 'java/lang/invoke/LambdaForm$MH+0x0000024a811a8800'
Event: 6.683 Thread 0x0000024af93b4070 Unloading class 0x0000024a811a8400 'java/lang/invoke/LambdaForm$MH+0x0000024a811a8400'
Event: 6.683 Thread 0x0000024af93b4070 Unloading class 0x0000024a811a8000 'java/lang/invoke/LambdaForm$BMH+0x0000024a811a8000'
Event: 6.683 Thread 0x0000024af93b4070 Unloading class 0x0000024a811a7c00 'java/lang/invoke/LambdaForm$DMH+0x0000024a811a7c00'
Event: 6.683 Thread 0x0000024af93b4070 Unloading class 0x0000024a811a6800 'java/lang/invoke/LambdaForm$DMH+0x0000024a811a6800'

Classes redefined (0 events):
No events

Internal exceptions (20 events):
Event: 25.440 Thread 0x0000024acda7b5c0 Exception <a 'sun/nio/fs/WindowsException'{0x00000000d57ccb18}> (0x00000000d57ccb18) 
thrown [s\src\hotspot\share\prims\jni.cpp, line 520]
Event: 25.622 Thread 0x0000024afd273210 Exception <a 'sun/nio/fs/WindowsException'{0x00000000d55c3ab8}> (0x00000000d55c3ab8) 
thrown [s\src\hotspot\share\prims\jni.cpp, line 520]
Event: 25.622 Thread 0x0000024afd273210 Exception <a 'sun/nio/fs/WindowsException'{0x00000000d55c4358}> (0x00000000d55c4358) 
thrown [s\src\hotspot\share\prims\jni.cpp, line 520]
Event: 27.369 Thread 0x0000024afd273210 Exception <a 'sun/nio/fs/WindowsException'{0x00000000d565ca68}> (0x00000000d565ca68) 
thrown [s\src\hotspot\share\prims\jni.cpp, line 520]
Event: 27.372 Thread 0x0000024acda7b5c0 Exception <a 'sun/nio/fs/WindowsException'{0x00000000d5663128}> (0x00000000d5663128) 
thrown [s\src\hotspot\share\prims\jni.cpp, line 520]
Event: 27.374 Thread 0x0000024acda7b5c0 Exception <a 'sun/nio/fs/WindowsException'{0x00000000d56655b0}> (0x00000000d56655b0) 
thrown [s\src\hotspot\share\prims\jni.cpp, line 520]
Event: 27.376 Thread 0x0000024afee7ad80 Exception <a 'sun/nio/fs/WindowsException'{0x00000000d5667c20}> (0x00000000d5667c20) 
thrown [s\src\hotspot\share\prims\jni.cpp, line 520]
Event: 27.376 Thread 0x0000024acda794f0 Exception <a 'sun/nio/fs/WindowsException'{0x00000000d5668668}> (0x00000000d5668668) 
thrown [s\src\hotspot\share\prims\jni.cpp, line 520]
Event: 27.377 Thread 0x0000024acda7bc50 Exception <a 'sun/nio/fs/WindowsException'{0x00000000d566c8a0}> (0x00000000d566c8a0) 
thrown [s\src\hotspot\share\prims\jni.cpp, line 520]
Event: 27.521 Thread 0x0000024afd273210 Exception <a 'java/lang/NullPointerException'{0x00000000d58f4da8}> (0x00000000d58f4da8) 
thrown [s\src\hotspot\share\interpreter\linkResolver.cpp, line 1372]
Event: 27.521 Thread 0x0000024afd273210 Exception <a 'java/lang/NullPointerException'{0x00000000d58f56a8}> (0x00000000d58f56a8) 
thrown [s\src\hotspot\share\interpreter\linkResolver.cpp, line 1372]
Event: 28.012 Thread 0x0000024acda80b10 Exception <a 'java/lang/NullPointerException'{0x00000000d58eff10}> (0x00000000d58eff10) 
thrown [s\src\hotspot\share\interpreter\linkResolver.cpp, line 1372]
Event: 28.013 Thread 0x0000024acda80b10 Exception <a 'java/lang/NullPointerException'{0x00000000d58f1300}> (0x00000000d58f1300) 
thrown [s\src\hotspot\share\interpreter\linkResolver.cpp, line 1372]
Event: 28.014 Thread 0x0000024acda80b10 Exception <a 'java/lang/NullPointerException'{0x00000000d58f1b50}> (0x00000000d58f1b50) 
thrown [s\src\hotspot\share\interpreter\linkResolver.cpp, line 1372]
Event: 28.014 Thread 0x0000024acda80b10 Exception <a 'java/lang/NullPointerException'{0x00000000d58f2248}> (0x00000000d58f2248) 
thrown [s\src\hotspot\share\interpreter\linkResolver.cpp, line 1372]
Event: 28.015 Thread 0x0000024acda80b10 Exception <a 'java/lang/NullPointerException'{0x00000000d58f31e0}> (0x00000000d58f31e0) 
thrown [s\src\hotspot\share\interpreter\linkResolver.cpp, line 1372]
Event: 28.016 Thread 0x0000024acda80b10 Exception <a 'java/lang/NullPointerException'{0x00000000d5911700}> (0x00000000d5911700) 
thrown [s\src\hotspot\share\interpreter\linkResolver.cpp, line 1372]
Event: 28.044 Thread 0x0000024acda80b10 Exception <a 'java/lang/NullPointerException'{0x00000000d5699ef8}> (0x00000000d5699ef8) 
thrown [s\src\hotspot\share\interpreter\linkResolver.cpp, line 1372]
Event: 28.155 Thread 0x0000024afd273210 Exception <a 'sun/nio/fs/WindowsException'{0x00000000d55fb988}> (0x00000000d55fb988) 
thrown [s\src\hotspot\share\prims\jni.cpp, line 520]
Event: 28.155 Thread 0x0000024afd273210 Exception <a 'sun/nio/fs/WindowsException'{0x00000000d55fc228}> (0x00000000d55fc228) 
thrown [s\src\hotspot\share\prims\jni.cpp, line 520]

ZGC Phase Switch (0 events):
No events

VM Operations (20 events):
Event: 30.136 Executing safepoint VM operation: ParallelGCFailedAllocation (Allocation Failure) done
Event: 30.145 Executing safepoint VM operation: ParallelGCFailedAllocation (Allocation Failure)
Event: 30.147 Executing safepoint VM operation: ParallelGCFailedAllocation (Allocation Failure) done
Event: 30.156 Executing safepoint VM operation: ParallelGCFailedAllocation (Allocation Failure)
Event: 30.158 Executing safepoint VM operation: ParallelGCFailedAllocation (Allocation Failure) done
Event: 30.166 Executing safepoint VM operation: ParallelGCFailedAllocation (Allocation Failure)
Event: 30.168 Executing safepoint VM operation: ParallelGCFailedAllocation (Allocation Failure) done
Event: 30.176 Executing safepoint VM operation: ParallelGCFailedAllocation (Allocation Failure)
Event: 30.178 Executing safepoint VM operation: ParallelGCFailedAllocation (Allocation Failure) done
Event: 30.186 Executing safepoint VM operation: ParallelGCFailedAllocation (Allocation Failure)
Event: 30.187 Executing safepoint VM operation: ParallelGCFailedAllocation (Allocation Failure) done
Event: 30.198 Executing safepoint VM operation: ParallelGCFailedAllocation (Allocation Failure)
Event: 30.200 Executing safepoint VM operation: ParallelGCFailedAllocation (Allocation Failure) done
Event: 30.211 Executing safepoint VM operation: ParallelGCFailedAllocation (Allocation Failure)
Event: 30.212 Executing safepoint VM operation: ParallelGCFailedAllocation (Allocation Failure) done
Event: 30.220 Executing safepoint VM operation: ParallelGCFailedAllocation (Allocation Failure)
Event: 30.222 Executing safepoint VM operation: ParallelGCFailedAllocation (Allocation Failure) done
Event: 30.226 Executing safepoint VM operation: ParallelGCFailedAllocation (Allocation Failure)
Event: 30.228 Executing safepoint VM operation: ParallelGCFailedAllocation (Allocation Failure) done
Event: 30.232 Executing safepoint VM operation: ParallelGCFailedAllocation (Allocation Failure)

Memory protections (0 events):
No events

Nmethod flushes (20 events):
Event: 15.228 Thread 0x0000024af93b4070 flushing  nmethod 0x0000024ae65f9010
Event: 15.228 Thread 0x0000024af93b4070 flushing  nmethod 0x0000024ae6620790
Event: 15.228 Thread 0x0000024af93b4070 flushing  nmethod 0x0000024ae6626810
Event: 15.228 Thread 0x0000024af93b4070 flushing  nmethod 0x0000024ae663cb10
Event: 15.228 Thread 0x0000024af93b4070 flushing  nmethod 0x0000024ae6652910
Event: 15.228 Thread 0x0000024af93b4070 flushing osr nmethod 0x0000024ae667a190
Event: 15.228 Thread 0x0000024af93b4070 flushing  nmethod 0x0000024ae668b890
Event: 15.228 Thread 0x0000024af93b4070 flushing  nmethod 0x0000024ae66ad410
Event: 15.228 Thread 0x0000024af93b4070 flushing  nmethod 0x0000024ae66b7a90
Event: 15.228 Thread 0x0000024af93b4070 flushing  nmethod 0x0000024ae670b190
Event: 15.228 Thread 0x0000024af93b4070 flushing  nmethod 0x0000024ae6716890
Event: 15.228 Thread 0x0000024af93b4070 flushing  nmethod 0x0000024ae676b610
Event: 15.228 Thread 0x0000024af93b4070 flushing  nmethod 0x0000024ae676cb90
Event: 15.228 Thread 0x0000024af93b4070 flushing  nmethod 0x0000024ae6770810
Event: 15.228 Thread 0x0000024af93b4070 flushing  nmethod 0x0000024ae677b210
Event: 15.229 Thread 0x0000024af93b4070 flushing  nmethod 0x0000024ae6787c10
Event: 15.229 Thread 0x0000024af93b4070 flushing  nmethod 0x0000024ae67afc90
Event: 15.229 Thread 0x0000024af93b4070 flushing  nmethod 0x0000024ae67b0290
Event: 15.229 Thread 0x0000024af93b4070 flushing  nmethod 0x0000024ae67b0d90
Event: 15.229 Thread 0x0000024af93b4070 flushing  nmethod 0x0000024ae67b1290

Events (20 events):
Event: 25.152 Thread 0x0000024acef531f0 Thread exited: 0x0000024acef531f0
Event: 25.152 Thread 0x0000024acef524d0 Thread exited: 0x0000024acef524d0
Event: 25.153 Thread 0x0000024acef4f050 Thread exited: 0x0000024acef4f050
Event: 26.330 Thread 0x0000024afd5ad2f0 Thread exited: 0x0000024afd5ad2f0
Event: 26.671 Thread 0x0000024afd273210 Thread added: 0x0000024acef4f050
Event: 26.671 Thread 0x0000024afd273210 Thread added: 0x0000024acef50400
Event: 26.858 Thread 0x0000024afd273210 Thread added: 0x0000024acef4f6e0
Event: 26.858 Thread 0x0000024afd273210 Thread added: 0x0000024acef53f10
Event: 26.859 Thread 0x0000024afd273210 Thread added: 0x0000024acef524d0
Event: 27.034 Thread 0x0000024acef53f10 Thread exited: 0x0000024acef53f10
Event: 27.034 Thread 0x0000024acef524d0 Thread exited: 0x0000024acef524d0
Event: 27.034 Thread 0x0000024acef50400 Thread exited: 0x0000024acef50400
Event: 27.034 Thread 0x0000024acef4f6e0 Thread exited: 0x0000024acef4f6e0
Event: 27.034 Thread 0x0000024acef4f050 Thread exited: 0x0000024acef4f050
Event: 29.046 Thread 0x0000024afd273210 Thread added: 0x0000024acef524d0
Event: 29.046 Thread 0x0000024afd273210 Thread added: 0x0000024acef50a90
Event: 29.047 Thread 0x0000024afd273210 Thread added: 0x0000024acef4f050
Event: 29.047 Thread 0x0000024afd273210 Thread added: 0x0000024acef50400
Event: 29.047 Thread 0x0000024afd273210 Thread added: 0x0000024acef51120
Event: 30.110 Thread 0x0000024afc6a4d00 Thread exited: 0x0000024afc6a4d00


Dynamic libraries:
0x00007ff6478c0000 - 0x00007ff6478ce000 	c:\Users\ASUS\.vscode\extensions\redhat.java-1.55.0-win32-x64\jre\21.0.11-win32-x86_64\bin\java.exe
0x00007ff880400000 - 0x00007ff880666000 	C:\WINDOWS\SYSTEM32\ntdll.dll
0x00007ff87ed90000 - 0x00007ff87ee59000 	C:\WINDOWS\System32\KERNEL32.DLL
0x00007ff87d720000 - 0x00007ff87db1a000 	C:\WINDOWS\System32\KERNELBASE.dll
0x00007ff87db20000 - 0x00007ff87dc6c000 	C:\WINDOWS\System32\ucrtbase.dll
0x00007ff843af0000 - 0x00007ff843b08000 	c:\Users\ASUS\.vscode\extensions\redhat.java-1.55.0-win32-x64\jre\21.0.11-win32-x86_64\bin\jli.dll
0x00007ff844dc0000 - 0x00007ff844dde000 	c:\Users\ASUS\.vscode\extensions\redhat.java-1.55.0-win32-x64\jre\21.0.11-win32-x86_64\bin\VCRUNTIME140.dll
0x00007ff87fe60000 - 0x00007ff880027000 	C:\WINDOWS\System32\USER32.dll
0x00007ff87d660000 - 0x00007ff87d687000 	C:\WINDOWS\System32\win32u.dll
0x00007ff861990000 - 0x00007ff861c22000 	C:\WINDOWS\WinSxS\amd64_microsoft.windows.common-controls_6595b64144ccf1df_6.0.26100.8521_none_3e08b75ce33403b3\COMCTL32.dll
0x00007ff87ef80000 - 0x00007ff87efab000 	C:\WINDOWS\System32\GDI32.dll
0x00007ff87e1f0000 - 0x00007ff87e299000 	C:\WINDOWS\System32\msvcrt.dll
0x00007ff87e010000 - 0x00007ff87e13b000 	C:\WINDOWS\System32\gdi32full.dll
0x00007ff87df60000 - 0x00007ff87e003000 	C:\WINDOWS\System32\msvcp_win.dll
0x00007ff8801d0000 - 0x00007ff880202000 	C:\WINDOWS\System32\IMM32.DLL
0x00007ff844ff0000 - 0x00007ff844ffc000 	c:\Users\ASUS\.vscode\extensions\redhat.java-1.55.0-win32-x64\jre\21.0.11-win32-x86_64\bin\vcruntime140_1.dll
0x00007ff81d610000 - 0x00007ff81d69d000 	c:\Users\ASUS\.vscode\extensions\redhat.java-1.55.0-win32-x64\jre\21.0.11-win32-x86_64\bin\msvcp140.dll
0x00007fff7d6f0000 - 0x00007fff7e492000 	c:\Users\ASUS\.vscode\extensions\redhat.java-1.55.0-win32-x64\jre\21.0.11-win32-x86_64\bin\server\jvm.dll
0x00007ff87e6f0000 - 0x00007ff87e7a6000 	C:\WINDOWS\System32\ADVAPI32.dll
0x00007ff87e140000 - 0x00007ff87e1ea000 	C:\WINDOWS\System32\sechost.dll
0x00007ff87ee60000 - 0x00007ff87ef78000 	C:\WINDOWS\System32\RPCRT4.dll
0x00007ff87fd70000 - 0x00007ff87fdf0000 	C:\WINDOWS\System32\WS2_32.dll
0x00007ff87d4c0000 - 0x00007ff87d51e000 	C:\WINDOWS\SYSTEM32\POWRPROF.dll
0x00007ff8705b0000 - 0x00007ff8705e6000 	C:\WINDOWS\SYSTEM32\WINMM.dll
0x00007ff876090000 - 0x00007ff87609b000 	C:\WINDOWS\SYSTEM32\VERSION.dll
0x00007ff87d4a0000 - 0x00007ff87d4b4000 	C:\WINDOWS\SYSTEM32\UMPDC.dll
0x00007ff87c3b0000 - 0x00007ff87c3cb000 	C:\WINDOWS\SYSTEM32\kernel.appcore.dll
0x00007ff8634d0000 - 0x00007ff8634da000 	c:\Users\ASUS\.vscode\extensions\redhat.java-1.55.0-win32-x64\jre\21.0.11-win32-x86_64\bin\jimage.dll
0x00007ff86ef40000 - 0x00007ff86f182000 	C:\WINDOWS\SYSTEM32\DBGHELP.DLL
0x00007ff87e330000 - 0x00007ff87e6b3000 	C:\WINDOWS\System32\combase.dll
0x00007ff87fbd0000 - 0x00007ff87fca9000 	C:\WINDOWS\System32\OLEAUT32.dll
0x00007ff860040000 - 0x00007ff86007b000 	C:\WINDOWS\SYSTEM32\dbgcore.DLL
0x00007ff87dc70000 - 0x00007ff87dd18000 	C:\WINDOWS\System32\bcryptPrimitives.dll
0x00007ff878880000 - 0x00007ff87888f000 	c:\Users\ASUS\.vscode\extensions\redhat.java-1.55.0-win32-x64\jre\21.0.11-win32-x86_64\bin\instrument.dll
0x00007ff8634b0000 - 0x00007ff8634d0000 	c:\Users\ASUS\.vscode\extensions\redhat.java-1.55.0-win32-x64\jre\21.0.11-win32-x86_64\bin\java.dll
0x00007ff87f440000 - 0x00007ff87fbc4000 	C:\WINDOWS\System32\SHELL32.dll
0x00007ff87b1d0000 - 0x00007ff87ba50000 	C:\WINDOWS\SYSTEM32\windows.storage.dll
0x00007ff880290000 - 0x00007ff880386000 	C:\WINDOWS\System32\SHCORE.dll
0x00007ff87ecd0000 - 0x00007ff87ed37000 	C:\WINDOWS\System32\shlwapi.dll
0x00007ff87d580000 - 0x00007ff87d5a9000 	C:\WINDOWS\SYSTEM32\profapi.dll
0x00007ff8244b0000 - 0x00007ff8244c8000 	c:\Users\ASUS\.vscode\extensions\redhat.java-1.55.0-win32-x64\jre\21.0.11-win32-x86_64\bin\zip.dll
0x00007ff844db0000 - 0x00007ff844dc0000 	C:\Users\ASUS\.vscode\extensions\redhat.java-1.55.0-win32-x64\jre\21.0.11-win32-x86_64\bin\net.dll
0x00007ff877c20000 - 0x00007ff877d49000 	C:\WINDOWS\SYSTEM32\WINHTTP.dll
0x00007ff87c900000 - 0x00007ff87c96c000 	C:\WINDOWS\system32\mswsock.dll
0x00007ff824490000 - 0x00007ff8244a6000 	C:\Users\ASUS\.vscode\extensions\redhat.java-1.55.0-win32-x64\jre\21.0.11-win32-x86_64\bin\nio.dll
0x00007ff843ae0000 - 0x00007ff843af0000 	c:\Users\ASUS\.vscode\extensions\redhat.java-1.55.0-win32-x64\jre\21.0.11-win32-x86_64\bin\verify.dll
0x00007ff875930000 - 0x00007ff875975000 	C:\Users\ASUS\AppData\Roaming\Code\User\globalStorage\redhat.java\1.55.0\config_win\org.eclipse.equinox.launcher\org.eclipse.equinox.launcher.win32.win32.x86_64_1.3.100.v20260613-0559\eclipse_11924.dll
0x00007ff880030000 - 0x00007ff8801c8000 	C:\WINDOWS\System32\ole32.dll
0x00007ff87cd00000 - 0x00007ff87cd1b000 	C:\WINDOWS\SYSTEM32\CRYPTSP.dll
0x00007ff87c310000 - 0x00007ff87c349000 	C:\WINDOWS\system32\rsaenh.dll
0x00007ff87c9b0000 - 0x00007ff87c9e3000 	C:\WINDOWS\SYSTEM32\USERENV.dll
0x00007ff87d550000 - 0x00007ff87d57a000 	C:\WINDOWS\SYSTEM32\bcrypt.dll
0x00007ff87cb60000 - 0x00007ff87cb6c000 	C:\WINDOWS\SYSTEM32\CRYPTBASE.dll
0x00007ff87bdd0000 - 0x00007ff87be03000 	C:\WINDOWS\SYSTEM32\IPHLPAPI.DLL
0x00007ff87fcc0000 - 0x00007ff87fcca000 	C:\WINDOWS\System32\NSI.dll
0x00007ff8787e0000 - 0x00007ff878829000 	C:\Users\ASUS\AppData\Local\Temp\jna-2018896\jna14487629119186773095.dll
0x00007ff87fd60000 - 0x00007ff87fd68000 	C:\WINDOWS\System32\PSAPI.DLL
0x00007ff877e10000 - 0x00007ff877e2d000 	C:\WINDOWS\SYSTEM32\dhcpcsvc6.DLL
0x00007ff877d70000 - 0x00007ff877d95000 	C:\WINDOWS\SYSTEM32\dhcpcsvc.DLL
0x00007ff87c4d0000 - 0x00007ff87c506000 	C:\WINDOWS\SYSTEM32\ntmarta.dll

JVMTI agents:
c:\Users\ASUS\.vscode\extensions\redhat.java-1.55.0-win32-x64\lombok\lombok-1.18.39-4050.jar path:c:\Users\ASUS\.vscode\extensions\redhat.java-1.55.0-win32-x64\jre\21.0.11-win32-x86_64\bin\instrument.dll, loaded, initialized, instrumentlib options:none

dbghelp: loaded successfully - version: 4.0.5 - missing functions: none
symbol engine: initialized successfully - sym options: 0x614 - pdb path: .;c:\Users\ASUS\.vscode\extensions\redhat.java-1.55.0-win32-x64\jre\21.0.11-win32-x86_64\bin;C:\WINDOWS\SYSTEM32;C:\WINDOWS\WinSxS\amd64_microsoft.windows.common-controls_6595b64144ccf1df_6.0.26100.8521_none_3e08b75ce33403b3;c:\Users\ASUS\.vscode\extensions\redhat.java-1.55.0-win32-x64\jre\21.0.11-win32-x86_64\bin\server;C:\Users\ASUS\AppData\Roaming\Code\User\globalStorage\redhat.java\1.55.0\config_win\org.eclipse.equinox.launcher\org.eclipse.equinox.launcher.win32.win32.x86_64_1.3.100.v20260613-0559;C:\Users\ASUS\AppData\Local\Temp\jna-2018896

VM Arguments:
jvm_args: --add-modules=ALL-SYSTEM --add-opens=java.base/java.util=ALL-UNNAMED --add-opens=java.base/java.lang=ALL-UNNAMED --add-opens=java.base/sun.nio.fs=ALL-UNNAMED -Declipse.application=org.eclipse.jdt.ls.core.id1 -Dosgi.bundles.defaultStartLevel=4 -Declipse.product=org.eclipse.jdt.ls.core.product -Djava.import.generatesMetadataFilesAtProjectRoot=false -DDetectVMInstallationsJob.disabled=true -Dfile.encoding=utf8 -XX:+UseParallelGC -XX:GCTimeRatio=4 -XX:AdaptiveSizePolicyWeight=90 -Dsun.zip.disableMemoryMapping=true -Xmx2G -Xms100m -Xlog:disable -javaagent:c:\Users\ASUS\.vscode\extensions\redhat.java-1.55.0-win32-x64\lombok\lombok-1.18.39-4050.jar -XX:+HeapDumpOnOutOfMemoryError -XX:HeapDumpPath=c:\Users\ASUS\AppData\Roaming\Code\User\workspaceStorage\2782a20f961c1a269689afb6e762247a\redhat.java -Daether.dependencyCollector.impl=bf 
java_command: c:\Users\ASUS\.vscode\extensions\redhat.java-1.55.0-win32-x64\server\plugins\org.eclipse.equinox.launcher_1.7.200.v20260619-2039.jar -configuration c:\Users\ASUS\AppData\Roaming\Code\User\globalStorage\redhat.java\1.55.0\config_win -data c:\Users\ASUS\AppData\Roaming\Code\User\workspaceStorage\2782a20f961c1a269689afb6e762247a\redhat.java\jdt_ws --pipe=\\.\pipe\lsp-798ed35e8a950c16b75e766dd9073c89-sock
java_class_path (initial): c:\Users\ASUS\.vscode\extensions\redhat.java-1.55.0-win32-x64\server\plugins\org.eclipse.equinox.launcher_1.7.200.v20260619-2039.jar
Launcher Type: SUN_STANDARD

[Global flags]
    uintx AdaptiveSizePolicyWeight                 = 90                                        {product} {command line}
     intx CICompilerCount                          = 12                                        {product} {ergonomic}
    uintx GCTimeRatio                              = 4                                         {product} {command line}
     bool HeapDumpOnOutOfMemoryError               = true                                   {manageable} {command line}
    ccstr HeapDumpPath                             = c:\Users\ASUS\AppData\Roaming\Code\User\workspaceStorage\2782a20f961c1a269689afb6e762247a\redhat.java         {manageable} {command line}
   size_t InitialHeapSize                          = 104857600                                 {product} {command line}
   size_t MaxHeapSize                              = 2147483648                                {product} {command line}
   size_t MaxNewSize                               = 715653120                                 {product} {ergonomic}
   size_t MinHeapDeltaBytes                        = 524288                                    {product} {ergonomic}
   size_t MinHeapSize                              = 104857600                                 {product} {command line}
   size_t NewSize                                  = 34603008                                  {product} {ergonomic}
    uintx NonNMethodCodeHeapSize                   = 7602480                                {pd product} {ergonomic}
    uintx NonProfiledCodeHeapSize                  = 122027880                              {pd product} {ergonomic}
   size_t OldSize                                  = 70254592                                  {product} {ergonomic}
    uintx ProfiledCodeHeapSize                     = 122027880                              {pd product} {ergonomic}
    uintx ReservedCodeCacheSize                    = 251658240                              {pd product} {ergonomic}
     bool SegmentedCodeCache                       = true                                      {product} {ergonomic}
   size_t SoftMaxHeapSize                          = 2147483648                             {manageable} {ergonomic}
     bool UseCompressedOops                        = true                           {product lp64_product} {ergonomic}
     bool UseLargePagesIndividualAllocation        = false                                  {pd product} {ergonomic}
     bool UseParallelGC                            = true                                      {product} {command line}

Logging:
Log output configuration:
 #0: stdout all=off uptime,level,tags foldmultilines=false
 #1: stderr all=off uptime,level,tags foldmultilines=false

Release file:
JAVA_VERSION="21.0.11" 
MODULES="java.base java.compiler java.datatransfer java.xml java.prefs java.desktop java.instrument java.logging java.management java.security.sasl java.naming java.rmi java.management.rmi java.net.http java.scripting java.security.jgss java.transaction.xa java.sql java.sql.rowset java.xml.crypto java.se java.smartcardio jdk.accessibility jdk.internal.jvmstat jdk.attach jdk.charsets jdk.internal.opt jdk.zipfs jdk.compiler jdk.crypto.ec jdk.crypto.cryptoki jdk.crypto.mscapi jdk.dynalink jdk.internal.ed jdk.editpad jdk.hotspot.agent jdk.httpserver jdk.internal.le jdk.internal.vm.ci jdk.internal.vm.compiler jdk.internal.vm.compiler.management jdk.jartool jdk.javadoc jdk.jcmd jdk.management jdk.management.agent jdk.jconsole jdk.jdeps jdk.jdwp.agent jdk.jdi jdk.jfr jdk.jshell jdk.jsobject jdk.jstatd jdk.localedata jdk.management.jfr jdk.naming.dns jdk.naming.rmi jdk.net jdk.nio.mapmode jdk.random jdk.sctp jdk.security.auth jdk.security.jgss jdk.unsupported jdk.unsupported.desktop jdk.xml.dom" 

Environment Variables:
PATH=C:\Program Files\Alacritty\;C:\Program Files\Java\jdk-21.0.9+10\bin;C:\Program Files\Python313\Scripts\;C:\Program Files\Python313\;C:\Program Files (x86)\VMware\VMware Workstation\bin\;C:\WINDOWS\system32;C:\WINDOWS;C:\WINDOWS\System32\Wbem;C:\WINDOWS\System32\WindowsPowerShell\v1.0\;C:\WINDOWS\System32\OpenSSH\;C:\Program Files\NVIDIA Corporation\NVIDIA App\NvDLISR;C:\Program Files (x86)\NVIDIA Corporation\PhysX\Common;C:\Program Files\dotnet\;C:\php-8.4.7;C:\ProgramData\ComposerSetup\bin;C:\Program Files\nodejs\;C:\Program Files\Git\cmd;C:\Program Files\MongoDB\Server\8.2\bin;C:\Program Files\Java\jdk-25\;C:\ProgramData\chocolatey\bin;C:\Program Files\Microsoft SQL Server\150\Tools\Binn\;C:\Program Files\Microsoft SQL Server\Client SDK\ODBC\170\Tools\Binn\;C:\Program Files\Microsoft SQL Server\170\DTS\Binn\;C:\Users\ASUS\Downloads\flutter_windows_3.41.7-stable\flutter\bin;C:\flutter\bin;C:\flutter\bin\cache\dart-sdk;C:\Program Files\Docker\Docker\resources\bin;C:\Program Files\Java\jdk-21.0.9+10\bin;C:\Users\ASUS\AppData\Roaming\Code\User\globalStorage\pleiades.java-extension-pack-jdk\maven\latest\bin;C:\Program Files\PostgreSQL\18;C:\Users\ASUS\.cargo\bin;C:\Users\ASUS\AppData\Local\jcode\bin;c:\Users\ASUS\AppData\Local\Programs\cursor\resources\app\codeBin;C:\Program Files\Java\jdk-21.0.9+10\bin;C:\Users\ASUS\AppData\Local\Microsoft\WindowsApps;C:\Visaul Studio\Microsoft VS Code\bin;C:\Program Files\Azure Data Studio\bin;C:\Users\ASUS\AppData\Local\GitHubDesktop\bin;C:\Users\ASUS\AppData\Roaming\Composer\vendor\bin;C:\Users\ASUS\AppData\Roaming\npm;C:\Program Files\IntelliJ IDEA 2025.2.3\bin;C:\Program Files (x86)\Microsoft Visual Studio\Shared\NuGetPackages\microsoft.visualstudio.javascript.sdk;C:\Program Files\Java\jdk-25\;C:\Users\ASUS\.dotnet\tools;C:\Users\ASUS\AppData\Local\Microsoft\WinGet\Links;C:\Users\ASUS\AppData\Local\Programs\Antigravity\bin;C:\flutter\bin;C:\flutter\bin\cache\dart-sdk;%JAVA_HOME%bin;C:\Users\ASUS\Downloads\OpenJDK21U-jdk_x64_windows_hotspot_21.0.11_10 (2)\OpenJDK21U-jdk_x64_windows_hotspot_21.0.11_10\jdk-21.0.11+10\bin;C:\Program Files\Java\jdk-21.0.9+10\bin;C:\Users\ASUS\AppData\Local\Programs\Antigravity IDE\bin;C:\Users\ASUS\AppData\Roaming\Code\User\globalStorage\pleiades.java-extension-pack-jdk\maven\latest\bin;C:\Program Files\PostgreSQL\18;
USERNAME=ASUS
OS=Windows_NT
PROCESSOR_IDENTIFIER=AMD64 Family 25 Model 68 Stepping 1, AuthenticAMD
TMP=C:\Users\ASUS\AppData\Local\Temp
TEMP=C:\Users\ASUS\AppData\Local\Temp




Periodic native trim disabled

---------------  S Y S T E M  ---------------

OS:
 Windows 11 , 64 bit Build 26100 (10.0.26100.8521)
OS uptime: 0 days 0:33 hours
Hyper-V role detected

CPU: total 16 (initial active 16) (16 cores per cpu, 2 threads per core) family 25 model 68 stepping 1 microcode 0xa404107, cx8, cmov, fxsr, ht, mmx, 3dnowpref, sse, sse2, sse3, ssse3, sse4a, sse4.1, sse4.2, popcnt, lzcnt, tsc, tscinvbit, avx, avx2, aes, erms, clmul, bmi1, bmi2, adx, sha, fma, vzeroupper, clflush, clflushopt, hv, rdtscp, rdpid, fsrm, f16c, cet_ss
Processor Information for the first 16 processors :
  Max Mhz: 3100, Current Mhz: 3100, Mhz Limit: 3100

Memory: 4k page, system-wide physical 8010M (528M free)
TotalPageFile size 24394M (AvailPageFile size 22M)
current process WorkingSet (physical memory assigned to process): 371M, peak: 402M
current process commit charge ("private bytes"): 534M, peak: 559M

vm_info: OpenJDK 64-Bit Server VM (21.0.11+10-LTS) for windows-amd64 JRE (21.0.11+10-LTS), built on 2026-04-21T00:00:00Z by "admin" with MS VC++ 17.12 (VS2022)

END.
