Picked up JAVA_TOOL_OPTIONS: -Dstdout.encoding=UTF-8 -Dstderr.encoding=UTF-8
[INFO] Scanning for projects...
[INFO] ------------------------------------------------------------------------
[INFO] Reactor Build Order:
[INFO] 
[INFO] spring_micro                                                       [pom]
[INFO] config-server                                                      [jar]
[INFO] 
[INFO] ---------------------< microservice:spring_micro >----------------------
[INFO] Building spring_micro 0.0.1-SNAPSHOT                               [1/2]
[INFO]   from pom.xml
[INFO] --------------------------------[ pom ]---------------------------------
[INFO] 
[INFO] --- clean:3.4.0:clean (default-clean) @ spring_micro ---
[INFO] 
[INFO] --- spring-boot:3.4.0:repackage (repackage) @ spring_micro ---
[INFO] 
[INFO] ---------------------< microservice:config-server >---------------------
[INFO] Building config-server 0.0.1-SNAPSHOT                              [2/2]
[INFO]   from config-server\pom.xml
[INFO] --------------------------------[ jar ]---------------------------------
[INFO] 
[INFO] --- clean:3.4.0:clean (default-clean) @ config-server ---
[INFO] Deleting D:\SPRINGBOOT\spring_micro\spring_micro\config-server\target
[INFO] 
[INFO] --- resources:3.3.1:resources (default-resources) @ config-server ---
[INFO] Copying 1 resource from src\main\resources to target\classes
[INFO] Copying 8 resources from src\main\resources to target\classes
[INFO] 
[INFO] --- compiler:3.13.0:compile (default-compile) @ config-server ---
[INFO] Recompiling the module because of changed source code.
[INFO] Compiling 1 source file with javac [debug parameters release 21] to target\classes
[INFO] 
[INFO] --- resources:3.3.1:testResources (default-testResources) @ config-server ---
[INFO] skip non existing resourceDirectory D:\SPRINGBOOT\spring_micro\spring_micro\config-server\src\test\resources
[INFO] 
[INFO] --- compiler:3.13.0:testCompile (default-testCompile) @ config-server ---
[INFO] No sources to compile
[INFO] 
[INFO] --- surefire:3.5.2:test (default-test) @ config-server ---
[INFO] No tests to run.
[INFO] 
[INFO] --- jar:3.4.2:jar (default-jar) @ config-server ---
[INFO] Building jar: D:\SPRINGBOOT\spring_micro\spring_micro\config-server\target\config-server-0.0.1-SNAPSHOT.jar
[INFO] 
[INFO] --- spring-boot:3.4.0:repackage (repackage) @ config-server ---
[INFO] ------------------------------------------------------------------------
[INFO] Reactor Summary for spring_micro 0.0.1-SNAPSHOT:
[INFO] 
[INFO] spring_micro ....................................... SUCCESS [  1.225 s]
[INFO] config-server ...................................... SUCCESS [  5.239 s]
[INFO] ------------------------------------------------------------------------
[INFO] BUILD SUCCESS
[INFO] ------------------------------------------------------------------------
[INFO] Total time:  7.982 s
[INFO] Finished at: 2026-06-28T11:52:23+07:00
[INFO] ------------------------------------------------------------------------
